2023-12-24T13:41:36.664+05:30  INFO 20108 --- [main] c.e.D.DSpringHealthApplication           : Starting DSpringHealthApplication using Java 18.0.1.1 with PID 20108 (E:\Destop\Coding\JavaAdvance\SpringBoot\D_SpringHealth\target\classes started by hp in E:\Destop\Coding\JavaAdvance\SpringBoot)
2023-12-24T13:41:36.670+05:30 DEBUG 20108 --- [main] c.e.D.DSpringHealthApplication           : Running with Spring Boot v3.2.0, Spring v6.1.1
2023-12-24T13:41:36.675+05:30  INFO 20108 --- [main] c.e.D.DSpringHealthApplication           : The following 1 profile is active: "dev"
2023-12-24T13:41:39.941+05:30  INFO 20108 --- [main] .s.d.r.c.RepositoryConfigurationDelegate : Bootstrapping Spring Data JPA repositories in DEFAULT mode.
2023-12-24T13:41:40.023+05:30  INFO 20108 --- [main] .s.d.r.c.RepositoryConfigurationDelegate : Finished Spring Data repository scanning in 70 ms. Found 1 JPA repository interface.
2023-12-24T13:41:41.501+05:30  INFO 20108 --- [main] o.s.b.w.embedded.tomcat.TomcatWebServer  : Tomcat initialized with port 8080 (http)
2023-12-24T13:41:41.518+05:30  INFO 20108 --- [main] o.apache.catalina.core.StandardService   : Starting service [Tomcat]
2023-12-24T13:41:41.519+05:30  INFO 20108 --- [main] o.apache.catalina.core.StandardEngine    : Starting Servlet engine: [Apache Tomcat/10.1.16]
2023-12-24T13:41:41.642+05:30  INFO 20108 --- [main] o.a.c.c.C.[Tomcat].[localhost].[/]       : Initializing Spring embedded WebApplicationContext
2023-12-24T13:41:41.643+05:30  INFO 20108 --- [main] w.s.c.ServletWebServerApplicationContext : Root WebApplicationContext: initialization completed in 4788 ms
2023-12-24T13:41:42.071+05:30  INFO 20108 --- [main] com.zaxxer.hikari.HikariDataSource       : HikariPool-1 - Starting...
2023-12-24T13:41:42.621+05:30  INFO 20108 --- [main] com.zaxxer.hikari.pool.HikariPool        : HikariPool-1 - Added connection conn0: url=jdbc:h2:mem:testdb user=ROOT
2023-12-24T13:41:42.625+05:30  INFO 20108 --- [main] com.zaxxer.hikari.HikariDataSource       : HikariPool-1 - Start completed.
2023-12-24T13:41:42.654+05:30  INFO 20108 --- [main] o.s.b.a.h2.H2ConsoleAutoConfiguration    : H2 console available at '/h2-console'. Database available at 'jdbc:h2:mem:testdb'
2023-12-24T13:41:43.245+05:30  INFO 20108 --- [main] o.hibernate.jpa.internal.util.LogHelper  : HHH000204: Processing PersistenceUnitInfo [name: default]
2023-12-24T13:41:43.427+05:30  INFO 20108 --- [main] org.hibernate.Version                    : HHH000412: Hibernate ORM core version 6.3.1.Final
2023-12-24T13:41:43.553+05:30  INFO 20108 --- [main] o.h.c.internal.RegionFactoryInitiator    : HHH000026: Second-level cache disabled
2023-12-24T13:41:44.143+05:30  INFO 20108 --- [main] o.s.o.j.p.SpringPersistenceUnitInfo      : No LoadTimeWeaver setup: ignoring JPA class transformer
2023-12-24T13:41:46.401+05:30  INFO 20108 --- [main] o.h.e.t.j.p.i.JtaPlatformInitiator       : HHH000489: No JTA platform available (set 'hibernate.transaction.jta.platform' to enable JTA platform integration)
2023-12-24T13:41:46.532+05:30  INFO 20108 --- [main] j.LocalContainerEntityManagerFactoryBean : Initialized JPA EntityManagerFactory for persistence unit 'default'
2023-12-24T13:41:47.332+05:30  INFO 20108 --- [main] o.s.d.j.r.query.QueryEnhancerFactory     : Hibernate is in classpath; If applicable, HQL parser will be used.
2023-12-24T13:41:48.522+05:30  WARN 20108 --- [main] JpaBaseConfiguration$JpaWebConfiguration : spring.jpa.open-in-view is enabled by default. Therefore, database queries may be performed during view rendering. Explicitly configure spring.jpa.open-in-view to disable this warning
2023-12-24T13:41:51.861+05:30  INFO 20108 --- [main] o.s.b.a.e.web.EndpointLinksResolver      : Exposing 3 endpoint(s) beneath base path '/employee-dashboard'
2023-12-24T13:41:52.095+05:30  INFO 20108 --- [main] o.s.b.w.embedded.tomcat.TomcatWebServer  : Tomcat started on port 8080 (http) with context path ''
2023-12-24T13:41:52.133+05:30  INFO 20108 --- [main] c.e.D.DSpringHealthApplication           : Started DSpringHealthApplication in 16.975 seconds (process running for 19.732)
2023-12-24T13:41:53.030+05:30  INFO 20108 --- [RMI TCP Connection(7)-192.168.86.1] o.a.c.c.C.[Tomcat].[localhost].[/]       : Initializing Spring DispatcherServlet 'dispatcherServlet'
2023-12-24T13:41:53.032+05:30  INFO 20108 --- [RMI TCP Connection(7)-192.168.86.1] o.s.web.servlet.DispatcherServlet        : Initializing Servlet 'dispatcherServlet'
2023-12-24T13:41:53.037+05:30  INFO 20108 --- [RMI TCP Connection(7)-192.168.86.1] o.s.web.servlet.DispatcherServlet        : Completed initialization in 4 ms
2023-12-24T13:42:23.356+05:30  INFO 20108 --- [http-nio-8080-exec-2] c.e.D.controller.UserController          : Employee Info Logging is Enabled......
2023-12-24T13:42:23.356+05:30 DEBUG 20108 --- [http-nio-8080-exec-2] c.e.D.controller.UserController          : Employee Info Dubbing is Enabled......
2023-12-24T13:42:25.524+05:30  INFO 20108 --- [http-nio-8080-exec-1] c.e.D.controller.UserController          : Employee Info Logging is Enabled......
2023-12-24T13:42:25.524+05:30 DEBUG 20108 --- [http-nio-8080-exec-1] c.e.D.controller.UserController          : Employee Info Dubbing is Enabled......
2023-12-24T13:42:26.471+05:30  INFO 20108 --- [http-nio-8080-exec-3] c.e.D.controller.UserController          : Employee Info Logging is Enabled......
2023-12-24T13:42:26.472+05:30 DEBUG 20108 --- [http-nio-8080-exec-3] c.e.D.controller.UserController          : Employee Info Dubbing is Enabled......
2023-12-24T13:42:27.814+05:30  INFO 20108 --- [http-nio-8080-exec-6] c.e.D.controller.UserController          : Employee Info Logging is Enabled......
2023-12-24T13:42:27.815+05:30 DEBUG 20108 --- [http-nio-8080-exec-6] c.e.D.controller.UserController          : Employee Info Dubbing is Enabled......
2023-12-24T13:42:28.707+05:30  INFO 20108 --- [http-nio-8080-exec-7] c.e.D.controller.UserController          : Employee Info Logging is Enabled......
2023-12-24T13:42:28.708+05:30 DEBUG 20108 --- [http-nio-8080-exec-7] c.e.D.controller.UserController          : Employee Info Dubbing is Enabled......
2023-12-24T13:42:29.184+05:30  INFO 20108 --- [http-nio-8080-exec-8] c.e.D.controller.UserController          : Employee Info Logging is Enabled......
2023-12-24T13:42:29.185+05:30 DEBUG 20108 --- [http-nio-8080-exec-8] c.e.D.controller.UserController          : Employee Info Dubbing is Enabled......
2023-12-24T13:43:02.885+05:30  INFO 20108 --- [SpringApplicationShutdownHook] j.LocalContainerEntityManagerFactoryBean : Closing JPA EntityManagerFactory for persistence unit 'default'
2023-12-24T13:43:02.896+05:30  INFO 20108 --- [SpringApplicationShutdownHook] com.zaxxer.hikari.HikariDataSource       : HikariPool-1 - Shutdown initiated...
2023-12-24T13:43:02.905+05:30  INFO 20108 --- [SpringApplicationShutdownHook] com.zaxxer.hikari.HikariDataSource       : HikariPool-1 - Shutdown completed.
2023-12-24T13:43:11.379+05:30  INFO 20340 --- [main] c.e.D.DSpringHealthApplication           : Starting DSpringHealthApplication using Java 18.0.1.1 with PID 20340 (E:\Destop\Coding\JavaAdvance\SpringBoot\D_SpringHealth\target\classes started by hp in E:\Destop\Coding\JavaAdvance\SpringBoot)
2023-12-24T13:43:11.383+05:30 DEBUG 20340 --- [main] c.e.D.DSpringHealthApplication           : Running with Spring Boot v3.2.0, Spring v6.1.1
2023-12-24T13:43:11.385+05:30  INFO 20340 --- [main] c.e.D.DSpringHealthApplication           : The following 1 profile is active: "dev"
2023-12-24T13:43:14.781+05:30  INFO 20340 --- [main] .s.d.r.c.RepositoryConfigurationDelegate : Bootstrapping Spring Data JPA repositories in DEFAULT mode.
2023-12-24T13:43:14.882+05:30  INFO 20340 --- [main] .s.d.r.c.RepositoryConfigurationDelegate : Finished Spring Data repository scanning in 86 ms. Found 1 JPA repository interface.
2023-12-24T13:43:16.483+05:30  INFO 20340 --- [main] o.s.b.w.embedded.tomcat.TomcatWebServer  : Tomcat initialized with port 8080 (http)
2023-12-24T13:43:16.501+05:30  INFO 20340 --- [main] o.apache.catalina.core.StandardService   : Starting service [Tomcat]
2023-12-24T13:43:16.502+05:30  INFO 20340 --- [main] o.apache.catalina.core.StandardEngine    : Starting Servlet engine: [Apache Tomcat/10.1.16]
2023-12-24T13:43:16.645+05:30  INFO 20340 --- [main] o.a.c.c.C.[Tomcat].[localhost].[/]       : Initializing Spring embedded WebApplicationContext
2023-12-24T13:43:16.646+05:30  INFO 20340 --- [main] w.s.c.ServletWebServerApplicationContext : Root WebApplicationContext: initialization completed in 5036 ms
2023-12-24T13:43:17.008+05:30  INFO 20340 --- [main] com.zaxxer.hikari.HikariDataSource       : HikariPool-1 - Starting...
2023-12-24T13:43:17.534+05:30  INFO 20340 --- [main] com.zaxxer.hikari.pool.HikariPool        : HikariPool-1 - Added connection conn0: url=jdbc:h2:mem:testdb user=ROOT
2023-12-24T13:43:17.538+05:30  INFO 20340 --- [main] com.zaxxer.hikari.HikariDataSource       : HikariPool-1 - Start completed.
2023-12-24T13:43:17.560+05:30  INFO 20340 --- [main] o.s.b.a.h2.H2ConsoleAutoConfiguration    : H2 console available at '/h2-console'. Database available at 'jdbc:h2:mem:testdb'
2023-12-24T13:43:18.108+05:30  INFO 20340 --- [main] o.hibernate.jpa.internal.util.LogHelper  : HHH000204: Processing PersistenceUnitInfo [name: default]
2023-12-24T13:43:18.284+05:30  INFO 20340 --- [main] org.hibernate.Version                    : HHH000412: Hibernate ORM core version 6.3.1.Final
2023-12-24T13:43:18.394+05:30  INFO 20340 --- [main] o.h.c.internal.RegionFactoryInitiator    : HHH000026: Second-level cache disabled
2023-12-24T13:43:18.942+05:30  INFO 20340 --- [main] o.s.o.j.p.SpringPersistenceUnitInfo      : No LoadTimeWeaver setup: ignoring JPA class transformer
2023-12-24T13:43:20.687+05:30  INFO 20340 --- [main] o.h.e.t.j.p.i.JtaPlatformInitiator       : HHH000489: No JTA platform available (set 'hibernate.transaction.jta.platform' to enable JTA platform integration)
2023-12-24T13:43:20.798+05:30  INFO 20340 --- [main] j.LocalContainerEntityManagerFactoryBean : Initialized JPA EntityManagerFactory for persistence unit 'default'
2023-12-24T13:43:21.508+05:30  INFO 20340 --- [main] o.s.d.j.r.query.QueryEnhancerFactory     : Hibernate is in classpath; If applicable, HQL parser will be used.
2023-12-24T13:43:22.789+05:30  WARN 20340 --- [main] JpaBaseConfiguration$JpaWebConfiguration : spring.jpa.open-in-view is enabled by default. Therefore, database queries may be performed during view rendering. Explicitly configure spring.jpa.open-in-view to disable this warning
2023-12-24T13:43:25.229+05:30  INFO 20340 --- [main] o.s.b.a.e.web.EndpointLinksResolver      : Exposing 3 endpoint(s) beneath base path '/employee-dashboard'
2023-12-24T13:43:25.459+05:30  INFO 20340 --- [main] o.s.b.w.embedded.tomcat.TomcatWebServer  : Tomcat started on port 8080 (http) with context path ''
2023-12-24T13:43:25.496+05:30  INFO 20340 --- [main] c.e.D.DSpringHealthApplication           : Started DSpringHealthApplication in 15.326 seconds (process running for 18.632)
2023-12-24T13:43:51.665+05:30  INFO 20340 --- [http-nio-8080-exec-1] o.a.c.c.C.[Tomcat].[localhost].[/]       : Initializing Spring DispatcherServlet 'dispatcherServlet'
2023-12-24T13:43:51.666+05:30  INFO 20340 --- [http-nio-8080-exec-1] o.s.web.servlet.DispatcherServlet        : Initializing Servlet 'dispatcherServlet'
2023-12-24T13:43:51.669+05:30  INFO 20340 --- [http-nio-8080-exec-1] o.s.web.servlet.DispatcherServlet        : Completed initialization in 3 ms
2023-12-24T13:43:51.743+05:30  INFO 20340 --- [http-nio-8080-exec-1] c.e.D.controller.UserController          : Employee Info Logging is Enabled......
2023-12-24T13:43:51.744+05:30 DEBUG 20340 --- [http-nio-8080-exec-1] c.e.D.controller.UserController          : Employee Info Dubbing is Enabled......
2023-12-24T13:43:52.282+05:30  INFO 20340 --- [http-nio-8080-exec-2] c.e.D.controller.UserController          : Employee Info Logging is Enabled......
2023-12-24T13:43:52.283+05:30 DEBUG 20340 --- [http-nio-8080-exec-2] c.e.D.controller.UserController          : Employee Info Dubbing is Enabled......
2023-12-24T13:43:52.796+05:30  INFO 20340 --- [http-nio-8080-exec-4] c.e.D.controller.UserController          : Employee Info Logging is Enabled......
2023-12-24T13:43:52.797+05:30 DEBUG 20340 --- [http-nio-8080-exec-4] c.e.D.controller.UserController          : Employee Info Dubbing is Enabled......
2023-12-24T13:43:53.365+05:30  INFO 20340 --- [http-nio-8080-exec-5] c.e.D.controller.UserController          : Employee Info Logging is Enabled......
2023-12-24T13:43:53.365+05:30 DEBUG 20340 --- [http-nio-8080-exec-5] c.e.D.controller.UserController          : Employee Info Dubbing is Enabled......
2023-12-24T13:43:54.112+05:30  INFO 20340 --- [http-nio-8080-exec-6] c.e.D.controller.UserController          : Employee Info Logging is Enabled......
2023-12-24T13:43:54.113+05:30 DEBUG 20340 --- [http-nio-8080-exec-6] c.e.D.controller.UserController          : Employee Info Dubbing is Enabled......
2023-12-24T13:43:54.449+05:30  INFO 20340 --- [http-nio-8080-exec-7] c.e.D.controller.UserController          : Employee Info Logging is Enabled......
2023-12-24T13:43:54.449+05:30 DEBUG 20340 --- [http-nio-8080-exec-7] c.e.D.controller.UserController          : Employee Info Dubbing is Enabled......
2023-12-24T13:43:55.036+05:30  INFO 20340 --- [http-nio-8080-exec-8] c.e.D.controller.UserController          : Employee Info Logging is Enabled......
2023-12-24T13:43:55.036+05:30 DEBUG 20340 --- [http-nio-8080-exec-8] c.e.D.controller.UserController          : Employee Info Dubbing is Enabled......
2023-12-24T13:43:55.398+05:30  INFO 20340 --- [http-nio-8080-exec-9] c.e.D.controller.UserController          : Employee Info Logging is Enabled......
2023-12-24T13:43:55.398+05:30 DEBUG 20340 --- [http-nio-8080-exec-9] c.e.D.controller.UserController          : Employee Info Dubbing is Enabled......
2023-12-24T13:43:55.987+05:30  INFO 20340 --- [http-nio-8080-exec-10] c.e.D.controller.UserController          : Employee Info Logging is Enabled......
2023-12-24T13:43:55.988+05:30 DEBUG 20340 --- [http-nio-8080-exec-10] c.e.D.controller.UserController          : Employee Info Dubbing is Enabled......
2023-12-24T13:43:58.381+05:30  INFO 20340 --- [http-nio-8080-exec-1] c.e.D.controller.UserController          : Employee Info Logging is Enabled......
2023-12-24T13:43:58.382+05:30 DEBUG 20340 --- [http-nio-8080-exec-1] c.e.D.controller.UserController          : Employee Info Dubbing is Enabled......
2023-12-24T13:46:29.285+05:30  INFO 20340 --- [SpringApplicationShutdownHook] j.LocalContainerEntityManagerFactoryBean : Closing JPA EntityManagerFactory for persistence unit 'default'
2023-12-24T13:46:29.289+05:30  INFO 20340 --- [SpringApplicationShutdownHook] com.zaxxer.hikari.HikariDataSource       : HikariPool-1 - Shutdown initiated...
2023-12-24T13:46:29.294+05:30  INFO 20340 --- [SpringApplicationShutdownHook] com.zaxxer.hikari.HikariDataSource       : HikariPool-1 - Shutdown completed.
2023-12-24T13:46:34.912+05:30  INFO 12452 --- [main] c.e.D.DSpringHealthApplication           : Starting DSpringHealthApplication using Java 18.0.1.1 with PID 12452 (E:\Destop\Coding\JavaAdvance\SpringBoot\D_SpringHealth\target\classes started by hp in E:\Destop\Coding\JavaAdvance\SpringBoot)
2023-12-24T13:46:34.915+05:30 DEBUG 12452 --- [main] c.e.D.DSpringHealthApplication           : Running with Spring Boot v3.2.0, Spring v6.1.1
2023-12-24T13:46:34.916+05:30  INFO 12452 --- [main] c.e.D.DSpringHealthApplication           : The following 1 profile is active: "dev"
2023-12-24T13:46:36.973+05:30  INFO 12452 --- [main] .s.d.r.c.RepositoryConfigurationDelegate : Bootstrapping Spring Data JPA repositories in DEFAULT mode.
2023-12-24T13:46:37.045+05:30  INFO 12452 --- [main] .s.d.r.c.RepositoryConfigurationDelegate : Finished Spring Data repository scanning in 62 ms. Found 1 JPA repository interface.
2023-12-24T13:46:38.439+05:30  INFO 12452 --- [main] o.s.b.w.embedded.tomcat.TomcatWebServer  : Tomcat initialized with port 8080 (http)
2023-12-24T13:46:38.452+05:30  INFO 12452 --- [main] o.apache.catalina.core.StandardService   : Starting service [Tomcat]
2023-12-24T13:46:38.453+05:30  INFO 12452 --- [main] o.apache.catalina.core.StandardEngine    : Starting Servlet engine: [Apache Tomcat/10.1.16]
2023-12-24T13:46:38.571+05:30  INFO 12452 --- [main] o.a.c.c.C.[Tomcat].[localhost].[/]       : Initializing Spring embedded WebApplicationContext
2023-12-24T13:46:38.572+05:30  INFO 12452 --- [main] w.s.c.ServletWebServerApplicationContext : Root WebApplicationContext: initialization completed in 3570 ms
2023-12-24T13:46:38.852+05:30  INFO 12452 --- [main] com.zaxxer.hikari.HikariDataSource       : HikariPool-1 - Starting...
2023-12-24T13:46:39.201+05:30  INFO 12452 --- [main] com.zaxxer.hikari.pool.HikariPool        : HikariPool-1 - Added connection conn0: url=jdbc:h2:mem:testdb user=ROOT
2023-12-24T13:46:39.206+05:30  INFO 12452 --- [main] com.zaxxer.hikari.HikariDataSource       : HikariPool-1 - Start completed.
2023-12-24T13:46:39.228+05:30  INFO 12452 --- [main] o.s.b.a.h2.H2ConsoleAutoConfiguration    : H2 console available at '/h2-console'. Database available at 'jdbc:h2:mem:testdb'
2023-12-24T13:46:39.617+05:30  INFO 12452 --- [main] o.hibernate.jpa.internal.util.LogHelper  : HHH000204: Processing PersistenceUnitInfo [name: default]
2023-12-24T13:46:39.717+05:30  INFO 12452 --- [main] org.hibernate.Version                    : HHH000412: Hibernate ORM core version 6.3.1.Final
2023-12-24T13:46:39.775+05:30  INFO 12452 --- [main] o.h.c.internal.RegionFactoryInitiator    : HHH000026: Second-level cache disabled
2023-12-24T13:46:40.183+05:30  INFO 12452 --- [main] o.s.o.j.p.SpringPersistenceUnitInfo      : No LoadTimeWeaver setup: ignoring JPA class transformer
2023-12-24T13:46:41.583+05:30  INFO 12452 --- [main] o.h.e.t.j.p.i.JtaPlatformInitiator       : HHH000489: No JTA platform available (set 'hibernate.transaction.jta.platform' to enable JTA platform integration)
2023-12-24T13:46:41.691+05:30  INFO 12452 --- [main] j.LocalContainerEntityManagerFactoryBean : Initialized JPA EntityManagerFactory for persistence unit 'default'
2023-12-24T13:46:42.313+05:30  INFO 12452 --- [main] o.s.d.j.r.query.QueryEnhancerFactory     : Hibernate is in classpath; If applicable, HQL parser will be used.
2023-12-24T13:46:43.285+05:30  WARN 12452 --- [main] JpaBaseConfiguration$JpaWebConfiguration : spring.jpa.open-in-view is enabled by default. Therefore, database queries may be performed during view rendering. Explicitly configure spring.jpa.open-in-view to disable this warning
2023-12-24T13:46:45.032+05:30  INFO 12452 --- [main] o.s.b.a.e.web.EndpointLinksResolver      : Exposing 3 endpoint(s) beneath base path '/employee-dashboard'
2023-12-24T13:46:45.205+05:30  INFO 12452 --- [main] o.s.b.w.embedded.tomcat.TomcatWebServer  : Tomcat started on port 8080 (http) with context path ''
2023-12-24T13:46:45.254+05:30  INFO 12452 --- [main] c.e.D.DSpringHealthApplication           : Started DSpringHealthApplication in 11.173 seconds (process running for 12.677)
2023-12-24T13:47:02.540+05:30  INFO 12452 --- [http-nio-8080-exec-1] o.a.c.c.C.[Tomcat].[localhost].[/]       : Initializing Spring DispatcherServlet 'dispatcherServlet'
2023-12-24T13:47:02.540+05:30  INFO 12452 --- [http-nio-8080-exec-1] o.s.web.servlet.DispatcherServlet        : Initializing Servlet 'dispatcherServlet'
2023-12-24T13:47:02.544+05:30  INFO 12452 --- [http-nio-8080-exec-1] o.s.web.servlet.DispatcherServlet        : Completed initialization in 4 ms
2023-12-24T13:47:02.594+05:30  INFO 12452 --- [http-nio-8080-exec-1] c.e.D.controller.UserController          : Employee Info Logging is Enabled......
2023-12-24T13:47:02.595+05:30 DEBUG 12452 --- [http-nio-8080-exec-1] c.e.D.controller.UserController          : Employee Info Dubbing is Enabled......
2023-12-24T13:47:03.605+05:30  INFO 12452 --- [http-nio-8080-exec-2] c.e.D.controller.UserController          : Employee Info Logging is Enabled......
2023-12-24T13:47:03.605+05:30 DEBUG 12452 --- [http-nio-8080-exec-2] c.e.D.controller.UserController          : Employee Info Dubbing is Enabled......
2023-12-24T13:47:03.918+05:30  INFO 12452 --- [http-nio-8080-exec-3] c.e.D.controller.UserController          : Employee Info Logging is Enabled......
2023-12-24T13:47:03.918+05:30 DEBUG 12452 --- [http-nio-8080-exec-3] c.e.D.controller.UserController          : Employee Info Dubbing is Enabled......
2023-12-24T13:47:04.312+05:30  INFO 12452 --- [http-nio-8080-exec-4] c.e.D.controller.UserController          : Employee Info Logging is Enabled......
2023-12-24T13:47:04.312+05:30 DEBUG 12452 --- [http-nio-8080-exec-4] c.e.D.controller.UserController          : Employee Info Dubbing is Enabled......
2023-12-24T13:47:04.517+05:30  INFO 12452 --- [http-nio-8080-exec-5] c.e.D.controller.UserController          : Employee Info Logging is Enabled......
2023-12-24T13:47:04.518+05:30 DEBUG 12452 --- [http-nio-8080-exec-5] c.e.D.controller.UserController          : Employee Info Dubbing is Enabled......
2023-12-24T13:47:04.928+05:30  INFO 12452 --- [http-nio-8080-exec-6] c.e.D.controller.UserController          : Employee Info Logging is Enabled......
2023-12-24T13:47:04.928+05:30 DEBUG 12452 --- [http-nio-8080-exec-6] c.e.D.controller.UserController          : Employee Info Dubbing is Enabled......
2023-12-24T13:47:05.180+05:30  INFO 12452 --- [http-nio-8080-exec-7] c.e.D.controller.UserController          : Employee Info Logging is Enabled......
2023-12-24T13:47:05.180+05:30 DEBUG 12452 --- [http-nio-8080-exec-7] c.e.D.controller.UserController          : Employee Info Dubbing is Enabled......
2023-12-24T13:47:05.540+05:30  INFO 12452 --- [http-nio-8080-exec-8] c.e.D.controller.UserController          : Employee Info Logging is Enabled......
2023-12-24T13:47:05.540+05:30 DEBUG 12452 --- [http-nio-8080-exec-8] c.e.D.controller.UserController          : Employee Info Dubbing is Enabled......
2023-12-24T13:47:05.908+05:30  INFO 12452 --- [http-nio-8080-exec-9] c.e.D.controller.UserController          : Employee Info Logging is Enabled......
2023-12-24T13:47:05.908+05:30 DEBUG 12452 --- [http-nio-8080-exec-9] c.e.D.controller.UserController          : Employee Info Dubbing is Enabled......
2023-12-24T13:47:06.327+05:30  INFO 12452 --- [http-nio-8080-exec-10] c.e.D.controller.UserController          : Employee Info Logging is Enabled......
2023-12-24T13:47:06.328+05:30 DEBUG 12452 --- [http-nio-8080-exec-10] c.e.D.controller.UserController          : Employee Info Dubbing is Enabled......
2023-12-24T13:52:32.641+05:30  INFO 12452 --- [SpringApplicationShutdownHook] j.LocalContainerEntityManagerFactoryBean : Closing JPA EntityManagerFactory for persistence unit 'default'
2023-12-24T13:52:32.646+05:30  INFO 12452 --- [SpringApplicationShutdownHook] com.zaxxer.hikari.HikariDataSource       : HikariPool-1 - Shutdown initiated...
2023-12-24T13:52:32.650+05:30  INFO 12452 --- [SpringApplicationShutdownHook] com.zaxxer.hikari.HikariDataSource       : HikariPool-1 - Shutdown completed.
2023-12-24T13:52:39.038+05:30  INFO 16684 --- [main] c.e.D.DSpringHealthApplication           : Starting DSpringHealthApplication using Java 18.0.1.1 with PID 16684 (E:\Destop\Coding\JavaAdvance\SpringBoot\D_SpringHealth\target\classes started by hp in E:\Destop\Coding\JavaAdvance\SpringBoot)
2023-12-24T13:52:39.042+05:30 DEBUG 16684 --- [main] c.e.D.DSpringHealthApplication           : Running with Spring Boot v3.2.0, Spring v6.1.1
2023-12-24T13:52:39.044+05:30  INFO 16684 --- [main] c.e.D.DSpringHealthApplication           : The following 1 profile is active: "dev"
2023-12-24T13:52:41.777+05:30  INFO 16684 --- [main] .s.d.r.c.RepositoryConfigurationDelegate : Bootstrapping Spring Data JPA repositories in DEFAULT mode.
2023-12-24T13:52:41.874+05:30  INFO 16684 --- [main] .s.d.r.c.RepositoryConfigurationDelegate : Finished Spring Data repository scanning in 81 ms. Found 1 JPA repository interface.
2023-12-24T13:52:43.332+05:30  INFO 16684 --- [main] o.s.b.w.embedded.tomcat.TomcatWebServer  : Tomcat initialized with port 8080 (http)
2023-12-24T13:52:43.349+05:30  INFO 16684 --- [main] o.apache.catalina.core.StandardService   : Starting service [Tomcat]
2023-12-24T13:52:43.349+05:30  INFO 16684 --- [main] o.apache.catalina.core.StandardEngine    : Starting Servlet engine: [Apache Tomcat/10.1.16]
2023-12-24T13:52:43.508+05:30  INFO 16684 --- [main] o.a.c.c.C.[Tomcat].[localhost].[/]       : Initializing Spring embedded WebApplicationContext
2023-12-24T13:52:43.509+05:30  INFO 16684 --- [main] w.s.c.ServletWebServerApplicationContext : Root WebApplicationContext: initialization completed in 4365 ms
2023-12-24T13:52:43.847+05:30  INFO 16684 --- [main] com.zaxxer.hikari.HikariDataSource       : HikariPool-1 - Starting...
2023-12-24T13:52:44.259+05:30  INFO 16684 --- [main] com.zaxxer.hikari.pool.HikariPool        : HikariPool-1 - Added connection conn0: url=jdbc:h2:mem:testdb user=ROOT
2023-12-24T13:52:44.262+05:30  INFO 16684 --- [main] com.zaxxer.hikari.HikariDataSource       : HikariPool-1 - Start completed.
2023-12-24T13:52:44.280+05:30  INFO 16684 --- [main] o.s.b.a.h2.H2ConsoleAutoConfiguration    : H2 console available at '/h2-console'. Database available at 'jdbc:h2:mem:testdb'
2023-12-24T13:52:44.615+05:30  INFO 16684 --- [main] o.hibernate.jpa.internal.util.LogHelper  : HHH000204: Processing PersistenceUnitInfo [name: default]
2023-12-24T13:52:44.721+05:30  INFO 16684 --- [main] org.hibernate.Version                    : HHH000412: Hibernate ORM core version 6.3.1.Final
2023-12-24T13:52:44.782+05:30  INFO 16684 --- [main] o.h.c.internal.RegionFactoryInitiator    : HHH000026: Second-level cache disabled
2023-12-24T13:52:45.204+05:30  INFO 16684 --- [main] o.s.o.j.p.SpringPersistenceUnitInfo      : No LoadTimeWeaver setup: ignoring JPA class transformer
2023-12-24T13:52:47.265+05:30  INFO 16684 --- [main] o.h.e.t.j.p.i.JtaPlatformInitiator       : HHH000489: No JTA platform available (set 'hibernate.transaction.jta.platform' to enable JTA platform integration)
2023-12-24T13:52:47.439+05:30  INFO 16684 --- [main] j.LocalContainerEntityManagerFactoryBean : Initialized JPA EntityManagerFactory for persistence unit 'default'
2023-12-24T13:52:48.417+05:30  INFO 16684 --- [main] o.s.d.j.r.query.QueryEnhancerFactory     : Hibernate is in classpath; If applicable, HQL parser will be used.
2023-12-24T13:52:49.746+05:30  WARN 16684 --- [main] JpaBaseConfiguration$JpaWebConfiguration : spring.jpa.open-in-view is enabled by default. Therefore, database queries may be performed during view rendering. Explicitly configure spring.jpa.open-in-view to disable this warning
2023-12-24T13:52:52.506+05:30  INFO 16684 --- [main] o.s.b.a.e.web.EndpointLinksResolver      : Exposing 3 endpoint(s) beneath base path '/employee-dashboard'
2023-12-24T13:52:52.807+05:30  INFO 16684 --- [main] o.s.b.w.embedded.tomcat.TomcatWebServer  : Tomcat started on port 8080 (http) with context path ''
2023-12-24T13:52:52.835+05:30  INFO 16684 --- [main] c.e.D.DSpringHealthApplication           : Started DSpringHealthApplication in 14.777 seconds (process running for 16.59)
2023-12-24T13:52:53.601+05:30  INFO 16684 --- [RMI TCP Connection(3)-192.168.86.1] o.a.c.c.C.[Tomcat].[localhost].[/]       : Initializing Spring DispatcherServlet 'dispatcherServlet'
2023-12-24T13:52:53.602+05:30  INFO 16684 --- [RMI TCP Connection(3)-192.168.86.1] o.s.web.servlet.DispatcherServlet        : Initializing Servlet 'dispatcherServlet'
2023-12-24T13:52:53.604+05:30  INFO 16684 --- [RMI TCP Connection(3)-192.168.86.1] o.s.web.servlet.DispatcherServlet        : Completed initialization in 2 ms
2023-12-24T13:54:39.403+05:30  INFO 16684 --- [http-nio-8080-exec-1] c.e.D.controller.UserController          : Employee Info Logging is Enabled......
2023-12-24T13:54:39.403+05:30 DEBUG 16684 --- [http-nio-8080-exec-1] c.e.D.controller.UserController          : Employee Info Dubbing is Enabled......
2023-12-24T13:54:40.573+05:30  INFO 16684 --- [http-nio-8080-exec-2] c.e.D.controller.UserController          : Employee Info Logging is Enabled......
2023-12-24T13:54:40.574+05:30 DEBUG 16684 --- [http-nio-8080-exec-2] c.e.D.controller.UserController          : Employee Info Dubbing is Enabled......
2023-12-24T13:54:41.415+05:30  INFO 16684 --- [http-nio-8080-exec-3] c.e.D.controller.UserController          : Employee Info Logging is Enabled......
2023-12-24T13:54:41.416+05:30 DEBUG 16684 --- [http-nio-8080-exec-3] c.e.D.controller.UserController          : Employee Info Dubbing is Enabled......
2023-12-24T13:54:42.361+05:30  INFO 16684 --- [http-nio-8080-exec-4] c.e.D.controller.UserController          : Employee Info Logging is Enabled......
2023-12-24T13:54:42.361+05:30 DEBUG 16684 --- [http-nio-8080-exec-4] c.e.D.controller.UserController          : Employee Info Dubbing is Enabled......
2023-12-24T13:54:42.965+05:30  INFO 16684 --- [http-nio-8080-exec-5] c.e.D.controller.UserController          : Employee Info Logging is Enabled......
2023-12-24T13:54:42.966+05:30 DEBUG 16684 --- [http-nio-8080-exec-5] c.e.D.controller.UserController          : Employee Info Dubbing is Enabled......
2023-12-24T13:54:43.320+05:30  INFO 16684 --- [http-nio-8080-exec-8] c.e.D.controller.UserController          : Employee Info Logging is Enabled......
2023-12-24T13:54:43.321+05:30 DEBUG 16684 --- [http-nio-8080-exec-8] c.e.D.controller.UserController          : Employee Info Dubbing is Enabled......
2023-12-24T13:54:43.522+05:30  INFO 16684 --- [http-nio-8080-exec-9] c.e.D.controller.UserController          : Employee Info Logging is Enabled......
2023-12-24T13:54:43.522+05:30 DEBUG 16684 --- [http-nio-8080-exec-9] c.e.D.controller.UserController          : Employee Info Dubbing is Enabled......
2023-12-24T13:54:43.871+05:30  INFO 16684 --- [http-nio-8080-exec-10] c.e.D.controller.UserController          : Employee Info Logging is Enabled......
2023-12-24T13:54:43.871+05:30 DEBUG 16684 --- [http-nio-8080-exec-10] c.e.D.controller.UserController          : Employee Info Dubbing is Enabled......
2023-12-24T13:54:44.230+05:30  INFO 16684 --- [http-nio-8080-exec-1] c.e.D.controller.UserController          : Employee Info Logging is Enabled......
2023-12-24T13:54:44.230+05:30 DEBUG 16684 --- [http-nio-8080-exec-1] c.e.D.controller.UserController          : Employee Info Dubbing is Enabled......
2023-12-24T13:54:44.458+05:30  INFO 16684 --- [http-nio-8080-exec-2] c.e.D.controller.UserController          : Employee Info Logging is Enabled......
2023-12-24T13:54:44.459+05:30 DEBUG 16684 --- [http-nio-8080-exec-2] c.e.D.controller.UserController          : Employee Info Dubbing is Enabled......
2023-12-24T13:54:44.781+05:30  INFO 16684 --- [http-nio-8080-exec-3] c.e.D.controller.UserController          : Employee Info Logging is Enabled......
2023-12-24T13:54:44.782+05:30 DEBUG 16684 --- [http-nio-8080-exec-3] c.e.D.controller.UserController          : Employee Info Dubbing is Enabled......
2023-12-24T13:54:45.171+05:30  INFO 16684 --- [http-nio-8080-exec-4] c.e.D.controller.UserController          : Employee Info Logging is Enabled......
2023-12-24T13:54:45.171+05:30 DEBUG 16684 --- [http-nio-8080-exec-4] c.e.D.controller.UserController          : Employee Info Dubbing is Enabled......
2023-12-24T13:54:45.529+05:30  INFO 16684 --- [http-nio-8080-exec-5] c.e.D.controller.UserController          : Employee Info Logging is Enabled......
2023-12-24T13:54:45.529+05:30 DEBUG 16684 --- [http-nio-8080-exec-5] c.e.D.controller.UserController          : Employee Info Dubbing is Enabled......
2023-12-24T13:54:45.878+05:30  INFO 16684 --- [http-nio-8080-exec-7] c.e.D.controller.UserController          : Employee Info Logging is Enabled......
2023-12-24T13:54:45.878+05:30 DEBUG 16684 --- [http-nio-8080-exec-7] c.e.D.controller.UserController          : Employee Info Dubbing is Enabled......
2023-12-24T13:54:46.229+05:30  INFO 16684 --- [http-nio-8080-exec-6] c.e.D.controller.UserController          : Employee Info Logging is Enabled......
2023-12-24T13:54:46.229+05:30 DEBUG 16684 --- [http-nio-8080-exec-6] c.e.D.controller.UserController          : Employee Info Dubbing is Enabled......
2023-12-24T13:54:46.522+05:30  INFO 16684 --- [http-nio-8080-exec-8] c.e.D.controller.UserController          : Employee Info Logging is Enabled......
2023-12-24T13:54:46.523+05:30 DEBUG 16684 --- [http-nio-8080-exec-8] c.e.D.controller.UserController          : Employee Info Dubbing is Enabled......
2023-12-24T13:54:47.081+05:30  INFO 16684 --- [http-nio-8080-exec-9] c.e.D.controller.UserController          : Employee Info Logging is Enabled......
2023-12-24T13:54:47.082+05:30 DEBUG 16684 --- [http-nio-8080-exec-9] c.e.D.controller.UserController          : Employee Info Dubbing is Enabled......
2023-12-24T13:54:47.449+05:30  INFO 16684 --- [http-nio-8080-exec-10] c.e.D.controller.UserController          : Employee Info Logging is Enabled......
2023-12-24T13:54:47.449+05:30 DEBUG 16684 --- [http-nio-8080-exec-10] c.e.D.controller.UserController          : Employee Info Dubbing is Enabled......
2023-12-24T13:54:47.790+05:30  INFO 16684 --- [http-nio-8080-exec-1] c.e.D.controller.UserController          : Employee Info Logging is Enabled......
2023-12-24T13:54:47.791+05:30 DEBUG 16684 --- [http-nio-8080-exec-1] c.e.D.controller.UserController          : Employee Info Dubbing is Enabled......
2023-12-24T13:55:10.138+05:30  INFO 16684 --- [http-nio-8080-exec-4] c.e.D.controller.UserController          : Employee Info Logging is Enabled......
2023-12-24T13:55:10.139+05:30 DEBUG 16684 --- [http-nio-8080-exec-4] c.e.D.controller.UserController          : Employee Info Dubbing is Enabled......
2023-12-24T14:00:20.036+05:30  INFO 16684 --- [SpringApplicationShutdownHook] j.LocalContainerEntityManagerFactoryBean : Closing JPA EntityManagerFactory for persistence unit 'default'
2023-12-24T14:00:20.042+05:30  INFO 16684 --- [SpringApplicationShutdownHook] com.zaxxer.hikari.HikariDataSource       : HikariPool-1 - Shutdown initiated...
2023-12-24T14:00:20.048+05:30  INFO 16684 --- [SpringApplicationShutdownHook] com.zaxxer.hikari.HikariDataSource       : HikariPool-1 - Shutdown completed.
2023-12-24T14:00:24.750+05:30  INFO 14068 --- [main] c.e.D.DSpringHealthApplication           : Starting DSpringHealthApplication using Java 18.0.1.1 with PID 14068 (E:\Destop\Coding\JavaAdvance\SpringBoot\D_SpringHealth\target\classes started by hp in E:\Destop\Coding\JavaAdvance\SpringBoot)
2023-12-24T14:00:24.753+05:30 DEBUG 14068 --- [main] c.e.D.DSpringHealthApplication           : Running with Spring Boot v3.2.0, Spring v6.1.1
2023-12-24T14:00:24.754+05:30  INFO 14068 --- [main] c.e.D.DSpringHealthApplication           : The following 1 profile is active: "dev"
2023-12-24T14:00:26.660+05:30  INFO 14068 --- [main] .s.d.r.c.RepositoryConfigurationDelegate : Bootstrapping Spring Data JPA repositories in DEFAULT mode.
2023-12-24T14:00:26.734+05:30  INFO 14068 --- [main] .s.d.r.c.RepositoryConfigurationDelegate : Finished Spring Data repository scanning in 64 ms. Found 1 JPA repository interface.
2023-12-24T14:00:27.869+05:30  INFO 14068 --- [main] o.s.b.w.embedded.tomcat.TomcatWebServer  : Tomcat initialized with port 8080 (http)
2023-12-24T14:00:27.883+05:30  INFO 14068 --- [main] o.apache.catalina.core.StandardService   : Starting service [Tomcat]
2023-12-24T14:00:27.883+05:30  INFO 14068 --- [main] o.apache.catalina.core.StandardEngine    : Starting Servlet engine: [Apache Tomcat/10.1.16]
2023-12-24T14:00:27.995+05:30  INFO 14068 --- [main] o.a.c.c.C.[Tomcat].[localhost].[/]       : Initializing Spring embedded WebApplicationContext
2023-12-24T14:00:27.996+05:30  INFO 14068 --- [main] w.s.c.ServletWebServerApplicationContext : Root WebApplicationContext: initialization completed in 3158 ms
2023-12-24T14:00:28.240+05:30  INFO 14068 --- [main] com.zaxxer.hikari.HikariDataSource       : HikariPool-1 - Starting...
2023-12-24T14:00:28.553+05:30  INFO 14068 --- [main] com.zaxxer.hikari.pool.HikariPool        : HikariPool-1 - Added connection conn0: url=jdbc:h2:mem:testdb user=ROOT
2023-12-24T14:00:28.556+05:30  INFO 14068 --- [main] com.zaxxer.hikari.HikariDataSource       : HikariPool-1 - Start completed.
2023-12-24T14:00:28.573+05:30  INFO 14068 --- [main] o.s.b.a.h2.H2ConsoleAutoConfiguration    : H2 console available at '/h2-console'. Database available at 'jdbc:h2:mem:testdb'
2023-12-24T14:00:28.950+05:30  INFO 14068 --- [main] o.hibernate.jpa.internal.util.LogHelper  : HHH000204: Processing PersistenceUnitInfo [name: default]
2023-12-24T14:00:29.053+05:30  INFO 14068 --- [main] org.hibernate.Version                    : HHH000412: Hibernate ORM core version 6.3.1.Final
2023-12-24T14:00:29.129+05:30  INFO 14068 --- [main] o.h.c.internal.RegionFactoryInitiator    : HHH000026: Second-level cache disabled
2023-12-24T14:00:29.490+05:30  INFO 14068 --- [main] o.s.o.j.p.SpringPersistenceUnitInfo      : No LoadTimeWeaver setup: ignoring JPA class transformer
2023-12-24T14:00:30.772+05:30  INFO 14068 --- [main] o.h.e.t.j.p.i.JtaPlatformInitiator       : HHH000489: No JTA platform available (set 'hibernate.transaction.jta.platform' to enable JTA platform integration)
2023-12-24T14:00:30.867+05:30  INFO 14068 --- [main] j.LocalContainerEntityManagerFactoryBean : Initialized JPA EntityManagerFactory for persistence unit 'default'
2023-12-24T14:00:31.356+05:30  INFO 14068 --- [main] o.s.d.j.r.query.QueryEnhancerFactory     : Hibernate is in classpath; If applicable, HQL parser will be used.
2023-12-24T14:00:32.256+05:30  WARN 14068 --- [main] JpaBaseConfiguration$JpaWebConfiguration : spring.jpa.open-in-view is enabled by default. Therefore, database queries may be performed during view rendering. Explicitly configure spring.jpa.open-in-view to disable this warning
2023-12-24T14:00:34.008+05:30  INFO 14068 --- [main] o.s.b.a.e.web.EndpointLinksResolver      : Exposing 3 endpoint(s) beneath base path '/employee-dashboard'
2023-12-24T14:00:34.238+05:30  INFO 14068 --- [main] o.s.b.w.embedded.tomcat.TomcatWebServer  : Tomcat started on port 8080 (http) with context path ''
2023-12-24T14:00:34.264+05:30  INFO 14068 --- [main] c.e.D.DSpringHealthApplication           : Started DSpringHealthApplication in 10.311 seconds (process running for 11.726)
2023-12-24T14:00:34.815+05:30  INFO 14068 --- [RMI TCP Connection(5)-192.168.86.1] o.a.c.c.C.[Tomcat].[localhost].[/]       : Initializing Spring DispatcherServlet 'dispatcherServlet'
2023-12-24T14:00:34.815+05:30  INFO 14068 --- [RMI TCP Connection(5)-192.168.86.1] o.s.web.servlet.DispatcherServlet        : Initializing Servlet 'dispatcherServlet'
2023-12-24T14:00:34.818+05:30  INFO 14068 --- [RMI TCP Connection(5)-192.168.86.1] o.s.web.servlet.DispatcherServlet        : Completed initialization in 2 ms
2023-12-24T14:00:47.355+05:30  INFO 14068 --- [http-nio-8080-exec-2] c.e.D.controller.UserController          : Employee Info Logging is Enabled......
2023-12-24T14:00:47.356+05:30 DEBUG 14068 --- [http-nio-8080-exec-2] c.e.D.controller.UserController          : Employee Info Dubbing is Enabled......
2023-12-24T14:00:49.924+05:30  INFO 14068 --- [http-nio-8080-exec-3] c.e.D.controller.UserController          : Employee Info Logging is Enabled......
2023-12-24T14:00:49.925+05:30 DEBUG 14068 --- [http-nio-8080-exec-3] c.e.D.controller.UserController          : Employee Info Dubbing is Enabled......
2023-12-24T14:00:52.672+05:30  INFO 14068 --- [http-nio-8080-exec-4] c.e.D.controller.UserController          : Employee Info Logging is Enabled......
2023-12-24T14:00:52.673+05:30 DEBUG 14068 --- [http-nio-8080-exec-4] c.e.D.controller.UserController          : Employee Info Dubbing is Enabled......
2023-12-24T14:00:54.257+05:30  INFO 14068 --- [http-nio-8080-exec-7] c.e.D.controller.UserController          : Employee Info Logging is Enabled......
2023-12-24T14:00:54.257+05:30 DEBUG 14068 --- [http-nio-8080-exec-7] c.e.D.controller.UserController          : Employee Info Dubbing is Enabled......
2023-12-24T14:00:57.205+05:30  INFO 14068 --- [http-nio-8080-exec-6] c.e.D.controller.UserController          : Employee Info Logging is Enabled......
2023-12-24T14:00:57.206+05:30 DEBUG 14068 --- [http-nio-8080-exec-6] c.e.D.controller.UserController          : Employee Info Dubbing is Enabled......
2023-12-24T19:14:46.746+05:30  INFO 9196 --- [restartedMain] c.e.D.DSpringHealthApplication           : Starting DSpringHealthApplication using Java 18.0.1.1 with PID 9196 (E:\Destop\Coding\JavaAdvance\SpringBoot\D_SpringHealth\target\classes started by hp in E:\Destop\Coding\JavaAdvance\SpringBoot)
2023-12-24T19:14:46.769+05:30 DEBUG 9196 --- [restartedMain] c.e.D.DSpringHealthApplication           : Running with Spring Boot v3.2.0, Spring v6.1.1
2023-12-24T19:14:46.770+05:30  INFO 9196 --- [restartedMain] c.e.D.DSpringHealthApplication           : The following 1 profile is active: "dev"
2023-12-24T19:14:46.879+05:30  INFO 9196 --- [restartedMain] .e.DevToolsPropertyDefaultsPostProcessor : Devtools property defaults active! Set 'spring.devtools.add-properties' to 'false' to disable
2023-12-24T19:14:46.880+05:30  INFO 9196 --- [restartedMain] .e.DevToolsPropertyDefaultsPostProcessor : For additional web related logging consider setting the 'logging.level.web' property to 'DEBUG'
2023-12-24T19:14:53.441+05:30  INFO 9196 --- [restartedMain] .s.d.r.c.RepositoryConfigurationDelegate : Bootstrapping Spring Data JPA repositories in DEFAULT mode.
2023-12-24T19:14:53.521+05:30  INFO 9196 --- [restartedMain] .s.d.r.c.RepositoryConfigurationDelegate : Finished Spring Data repository scanning in 65 ms. Found 1 JPA repository interface.
2023-12-24T19:14:56.751+05:30  INFO 9196 --- [restartedMain] o.s.b.w.embedded.tomcat.TomcatWebServer  : Tomcat initialized with port 8080 (http)
2023-12-24T19:14:56.947+05:30  INFO 9196 --- [restartedMain] o.apache.catalina.core.StandardService   : Starting service [Tomcat]
2023-12-24T19:14:56.953+05:30  INFO 9196 --- [restartedMain] o.apache.catalina.core.StandardEngine    : Starting Servlet engine: [Apache Tomcat/10.1.16]
2023-12-24T19:14:58.307+05:30  INFO 9196 --- [restartedMain] o.a.c.c.C.[Tomcat].[localhost].[/]       : Initializing Spring embedded WebApplicationContext
2023-12-24T19:14:58.318+05:30  INFO 9196 --- [restartedMain] w.s.c.ServletWebServerApplicationContext : Root WebApplicationContext: initialization completed in 11431 ms
2023-12-24T19:14:58.962+05:30  INFO 9196 --- [restartedMain] com.zaxxer.hikari.HikariDataSource       : HikariPool-1 - Starting...
2023-12-24T19:14:59.323+05:30  INFO 9196 --- [restartedMain] com.zaxxer.hikari.pool.HikariPool        : HikariPool-1 - Added connection conn0: url=jdbc:h2:mem:testdb user=ROOT
2023-12-24T19:14:59.325+05:30  INFO 9196 --- [restartedMain] com.zaxxer.hikari.HikariDataSource       : HikariPool-1 - Start completed.
2023-12-24T19:14:59.342+05:30  INFO 9196 --- [restartedMain] o.s.b.a.h2.H2ConsoleAutoConfiguration    : H2 console available at '/h2-console'. Database available at 'jdbc:h2:mem:testdb'
2023-12-24T19:14:59.726+05:30  INFO 9196 --- [restartedMain] o.hibernate.jpa.internal.util.LogHelper  : HHH000204: Processing PersistenceUnitInfo [name: default]
2023-12-24T19:14:59.828+05:30  INFO 9196 --- [restartedMain] org.hibernate.Version                    : HHH000412: Hibernate ORM core version 6.3.1.Final
2023-12-24T19:14:59.891+05:30  INFO 9196 --- [restartedMain] o.h.c.internal.RegionFactoryInitiator    : HHH000026: Second-level cache disabled
2023-12-24T19:15:00.344+05:30  INFO 9196 --- [restartedMain] o.s.o.j.p.SpringPersistenceUnitInfo      : No LoadTimeWeaver setup: ignoring JPA class transformer
2023-12-24T19:15:01.985+05:30  INFO 9196 --- [restartedMain] o.h.e.t.j.p.i.JtaPlatformInitiator       : HHH000489: No JTA platform available (set 'hibernate.transaction.jta.platform' to enable JTA platform integration)
2023-12-24T19:15:02.090+05:30  INFO 9196 --- [restartedMain] j.LocalContainerEntityManagerFactoryBean : Initialized JPA EntityManagerFactory for persistence unit 'default'
2023-12-24T19:15:02.639+05:30  INFO 9196 --- [restartedMain] o.s.d.j.r.query.QueryEnhancerFactory     : Hibernate is in classpath; If applicable, HQL parser will be used.
2023-12-24T19:15:03.826+05:30  WARN 9196 --- [restartedMain] JpaBaseConfiguration$JpaWebConfiguration : spring.jpa.open-in-view is enabled by default. Therefore, database queries may be performed during view rendering. Explicitly configure spring.jpa.open-in-view to disable this warning
2023-12-24T19:15:06.303+05:30  INFO 9196 --- [restartedMain] o.s.b.d.a.OptionalLiveReloadServer       : LiveReload server is running on port 35729
2023-12-24T19:15:06.325+05:30  INFO 9196 --- [restartedMain] o.s.b.a.e.web.EndpointLinksResolver      : Exposing 3 endpoint(s) beneath base path '/employee-dashboard'
2023-12-24T19:15:06.577+05:30  INFO 9196 --- [restartedMain] o.s.b.w.embedded.tomcat.TomcatWebServer  : Tomcat started on port 8080 (http) with context path ''
2023-12-24T19:15:06.609+05:30  INFO 9196 --- [restartedMain] c.e.D.DSpringHealthApplication           : Started DSpringHealthApplication in 20.765 seconds (process running for 22.933)
2023-12-24T19:15:07.285+05:30  INFO 9196 --- [RMI TCP Connection(6)-192.168.86.1] o.a.c.c.C.[Tomcat].[localhost].[/]       : Initializing Spring DispatcherServlet 'dispatcherServlet'
2023-12-24T19:15:07.286+05:30  INFO 9196 --- [RMI TCP Connection(6)-192.168.86.1] o.s.web.servlet.DispatcherServlet        : Initializing Servlet 'dispatcherServlet'
2023-12-24T19:15:07.290+05:30  INFO 9196 --- [RMI TCP Connection(6)-192.168.86.1] o.s.web.servlet.DispatcherServlet        : Completed initialization in 4 ms
2023-12-24T19:15:41.489+05:30  INFO 9196 --- [http-nio-8080-exec-2] c.e.D.controller.UserController          : Employee Info Logging is Enabled......
2023-12-24T19:15:41.490+05:30 DEBUG 9196 --- [http-nio-8080-exec-2] c.e.D.controller.UserController          : Employee Info Dubbing is Enabled......
2023-12-24T19:19:09.948+05:30  INFO 9196 --- [File Watcher] rtingClassPathChangeChangedEventListener : Restarting due to 14 class path changes (0 additions, 14 deletions, 0 modifications)
2023-12-24T19:19:10.006+05:30  INFO 9196 --- [Thread-5] j.LocalContainerEntityManagerFactoryBean : Closing JPA EntityManagerFactory for persistence unit 'default'
2023-12-24T19:19:10.025+05:30  WARN 9196 --- [Thread-5] o.s.b.f.support.DisposableBeanAdapter    : Invocation of destroy method failed on bean with name 'inMemoryDatabaseShutdownExecutor': org.h2.jdbc.JdbcSQLNonTransientConnectionException: Database is already closed (to disable automatic closing at VM shutdown, add ";DB_CLOSE_ON_EXIT=FALSE" to the db URL) [90121-224]
2023-12-24T19:19:10.028+05:30  INFO 9196 --- [Thread-5] com.zaxxer.hikari.HikariDataSource       : HikariPool-1 - Shutdown initiated...
2023-12-24T19:19:10.033+05:30  INFO 9196 --- [Thread-5] com.zaxxer.hikari.HikariDataSource       : HikariPool-1 - Shutdown completed.
2023-12-24T19:19:14.439+05:30  INFO 9196 --- [restartedMain] c.e.D.DSpringHealthApplication           : Starting DSpringHealthApplication using Java 18.0.1.1 with PID 9196 (E:\Destop\Coding\JavaAdvance\SpringBoot\D_SpringHealth\target\classes started by hp in E:\Destop\Coding\JavaAdvance\SpringBoot)
2023-12-24T19:19:14.440+05:30 DEBUG 9196 --- [restartedMain] c.e.D.DSpringHealthApplication           : Running with Spring Boot v3.2.0, Spring v6.1.1
2023-12-24T19:19:14.443+05:30  INFO 9196 --- [restartedMain] c.e.D.DSpringHealthApplication           : The following 1 profile is active: "dev"
2023-12-24T19:19:16.203+05:30  INFO 9196 --- [restartedMain] .s.d.r.c.RepositoryConfigurationDelegate : Bootstrapping Spring Data JPA repositories in DEFAULT mode.
2023-12-24T19:19:16.207+05:30  INFO 9196 --- [restartedMain] .s.d.r.c.RepositoryConfigurationDelegate : Finished Spring Data repository scanning in 2 ms. Found 0 JPA repository interfaces.
2023-12-24T19:19:16.941+05:30  INFO 9196 --- [restartedMain] o.s.b.w.embedded.tomcat.TomcatWebServer  : Tomcat initialized with port 8080 (http)
2023-12-24T19:19:16.944+05:30  INFO 9196 --- [restartedMain] o.apache.catalina.core.StandardService   : Starting service [Tomcat]
2023-12-24T19:19:16.944+05:30  INFO 9196 --- [restartedMain] o.apache.catalina.core.StandardEngine    : Starting Servlet engine: [Apache Tomcat/10.1.16]
2023-12-24T19:19:16.998+05:30  INFO 9196 --- [restartedMain] o.a.c.c.C.[Tomcat-1].[localhost].[/]     : Initializing Spring embedded WebApplicationContext
2023-12-24T19:19:16.999+05:30  INFO 9196 --- [restartedMain] w.s.c.ServletWebServerApplicationContext : Root WebApplicationContext: initialization completed in 2551 ms
2023-12-24T19:19:17.243+05:30  INFO 9196 --- [restartedMain] com.zaxxer.hikari.HikariDataSource       : HikariPool-3 - Starting...
2023-12-24T19:19:17.251+05:30  INFO 9196 --- [restartedMain] com.zaxxer.hikari.pool.HikariPool        : HikariPool-3 - Added connection conn13: url=jdbc:h2:mem:testdb user=ROOT
2023-12-24T19:19:17.252+05:30  INFO 9196 --- [restartedMain] com.zaxxer.hikari.HikariDataSource       : HikariPool-3 - Start completed.
2023-12-24T19:19:17.254+05:30  INFO 9196 --- [restartedMain] o.s.b.a.h2.H2ConsoleAutoConfiguration    : H2 console available at '/h2-console'. Database available at 'jdbc:h2:mem:testdb'
2023-12-24T19:19:17.485+05:30  INFO 9196 --- [restartedMain] o.hibernate.jpa.internal.util.LogHelper  : HHH000204: Processing PersistenceUnitInfo [name: default]
2023-12-24T19:19:17.499+05:30  INFO 9196 --- [restartedMain] o.h.c.internal.RegionFactoryInitiator    : HHH000026: Second-level cache disabled
2023-12-24T19:19:17.513+05:30  INFO 9196 --- [restartedMain] o.s.o.j.p.SpringPersistenceUnitInfo      : No LoadTimeWeaver setup: ignoring JPA class transformer
2023-12-24T19:19:17.539+05:30  INFO 9196 --- [restartedMain] o.h.e.t.j.p.i.JtaPlatformInitiator       : HHH000489: No JTA platform available (set 'hibernate.transaction.jta.platform' to enable JTA platform integration)
2023-12-24T19:19:17.540+05:30  INFO 9196 --- [restartedMain] j.LocalContainerEntityManagerFactoryBean : Initialized JPA EntityManagerFactory for persistence unit 'default'
2023-12-24T19:19:17.776+05:30  WARN 9196 --- [restartedMain] JpaBaseConfiguration$JpaWebConfiguration : spring.jpa.open-in-view is enabled by default. Therefore, database queries may be performed during view rendering. Explicitly configure spring.jpa.open-in-view to disable this warning
2023-12-24T19:19:19.352+05:30  WARN 9196 --- [restartedMain] ConfigServletWebServerApplicationContext : Exception encountered during context initialization - cancelling refresh attempt: org.springframework.beans.factory.BeanCreationException: Error creating bean with name 'dataSourceScriptDatabaseInitializer' defined in class path resource [org/springframework/boot/autoconfigure/sql/init/DataSourceInitializationConfiguration.class]: Failed to execute SQL script statement #1 of file [E:\Destop\Coding\JavaAdvance\SpringBoot\D_SpringHealth\target\classes\data.sql]: INSERT INTO employee (name, email, mobile_no, gender, age, nationality) VALUES ('John Doe', 'john.doe@example.com', '1234567890', 'Male', 30, 'American') , ('Jane Smith', 'jane.smith@example.com', '9876543210', 'Female', 25, 'Canadian'), ('Anna Tyler', 'anna@example.com', '565412', 'Female', 20, 'UK') 
2023-12-24T19:19:19.356+05:30  INFO 9196 --- [restartedMain] j.LocalContainerEntityManagerFactoryBean : Closing JPA EntityManagerFactory for persistence unit 'default'
2023-12-24T19:19:19.358+05:30  WARN 9196 --- [restartedMain] o.s.b.f.support.DisposableBeanAdapter    : Invocation of destroy method failed on bean with name 'inMemoryDatabaseShutdownExecutor': org.h2.jdbc.JdbcSQLNonTransientConnectionException: Database is already closed (to disable automatic closing at VM shutdown, add ";DB_CLOSE_ON_EXIT=FALSE" to the db URL) [90121-224]
2023-12-24T19:19:19.360+05:30  INFO 9196 --- [restartedMain] com.zaxxer.hikari.HikariDataSource       : HikariPool-3 - Shutdown initiated...
2023-12-24T19:19:19.362+05:30  INFO 9196 --- [restartedMain] com.zaxxer.hikari.HikariDataSource       : HikariPool-3 - Shutdown completed.
2023-12-24T19:19:19.364+05:30  INFO 9196 --- [restartedMain] o.apache.catalina.core.StandardService   : Stopping service [Tomcat]
2023-12-24T19:19:19.387+05:30  INFO 9196 --- [restartedMain] .s.b.a.l.ConditionEvaluationReportLogger : 

Error starting ApplicationContext. To display the condition evaluation report re-run your application with 'debug' enabled.
2023-12-24T19:19:19.394+05:30 ERROR 9196 --- [restartedMain] o.s.boot.SpringApplication               : Application run failed

org.springframework.beans.factory.BeanCreationException: Error creating bean with name 'dataSourceScriptDatabaseInitializer' defined in class path resource [org/springframework/boot/autoconfigure/sql/init/DataSourceInitializationConfiguration.class]: Failed to execute SQL script statement #1 of file [E:\Destop\Coding\JavaAdvance\SpringBoot\D_SpringHealth\target\classes\data.sql]: INSERT INTO employee (name, email, mobile_no, gender, age, nationality) VALUES ('John Doe', 'john.doe@example.com', '1234567890', 'Male', 30, 'American') , ('Jane Smith', 'jane.smith@example.com', '9876543210', 'Female', 25, 'Canadian'), ('Anna Tyler', 'anna@example.com', '565412', 'Female', 20, 'UK') 
	at org.springframework.beans.factory.support.AbstractAutowireCapableBeanFactory.initializeBean(AbstractAutowireCapableBeanFactory.java:1775) ~[spring-beans-6.1.1.jar:6.1.1]
	at org.springframework.beans.factory.support.AbstractAutowireCapableBeanFactory.doCreateBean(AbstractAutowireCapableBeanFactory.java:601) ~[spring-beans-6.1.1.jar:6.1.1]
	at org.springframework.beans.factory.support.AbstractAutowireCapableBeanFactory.createBean(AbstractAutowireCapableBeanFactory.java:523) ~[spring-beans-6.1.1.jar:6.1.1]
	at org.springframework.beans.factory.support.AbstractBeanFactory.lambda$doGetBean$0(AbstractBeanFactory.java:325) ~[spring-beans-6.1.1.jar:6.1.1]
	at org.springframework.beans.factory.support.DefaultSingletonBeanRegistry.getSingleton(DefaultSingletonBeanRegistry.java:234) ~[spring-beans-6.1.1.jar:6.1.1]
	at org.springframework.beans.factory.support.AbstractBeanFactory.doGetBean(AbstractBeanFactory.java:323) ~[spring-beans-6.1.1.jar:6.1.1]
	at org.springframework.beans.factory.support.AbstractBeanFactory.getBean(AbstractBeanFactory.java:199) ~[spring-beans-6.1.1.jar:6.1.1]
	at org.springframework.beans.factory.support.AbstractBeanFactory.doGetBean(AbstractBeanFactory.java:312) ~[spring-beans-6.1.1.jar:6.1.1]
	at org.springframework.beans.factory.support.AbstractBeanFactory.getBean(AbstractBeanFactory.java:199) ~[spring-beans-6.1.1.jar:6.1.1]
	at org.springframework.beans.factory.support.DefaultListableBeanFactory.preInstantiateSingletons(DefaultListableBeanFactory.java:973) ~[spring-beans-6.1.1.jar:6.1.1]
	at org.springframework.context.support.AbstractApplicationContext.finishBeanFactoryInitialization(AbstractApplicationContext.java:946) ~[spring-context-6.1.1.jar:6.1.1]
	at org.springframework.context.support.AbstractApplicationContext.refresh(AbstractApplicationContext.java:616) ~[spring-context-6.1.1.jar:6.1.1]
	at org.springframework.boot.web.servlet.context.ServletWebServerApplicationContext.refresh(ServletWebServerApplicationContext.java:146) ~[spring-boot-3.2.0.jar:3.2.0]
	at org.springframework.boot.SpringApplication.refresh(SpringApplication.java:753) ~[spring-boot-3.2.0.jar:3.2.0]
	at org.springframework.boot.SpringApplication.refreshContext(SpringApplication.java:455) ~[spring-boot-3.2.0.jar:3.2.0]
	at org.springframework.boot.SpringApplication.run(SpringApplication.java:323) ~[spring-boot-3.2.0.jar:3.2.0]
	at org.springframework.boot.SpringApplication.run(SpringApplication.java:1342) ~[spring-boot-3.2.0.jar:3.2.0]
	at org.springframework.boot.SpringApplication.run(SpringApplication.java:1331) ~[spring-boot-3.2.0.jar:3.2.0]
	at com.example.D_SpringHealth.DSpringHealthApplication.main(DSpringHealthApplication.java:10) ~[classes/:na]
	at java.base/jdk.internal.reflect.DirectMethodHandleAccessor.invoke(DirectMethodHandleAccessor.java:104) ~[na:na]
	at java.base/java.lang.reflect.Method.invoke(Method.java:577) ~[na:na]
	at org.springframework.boot.devtools.restart.RestartLauncher.run(RestartLauncher.java:50) ~[spring-boot-devtools-3.2.0.jar:3.2.0]
Caused by: org.springframework.jdbc.datasource.init.ScriptStatementFailedException: Failed to execute SQL script statement #1 of file [E:\Destop\Coding\JavaAdvance\SpringBoot\D_SpringHealth\target\classes\data.sql]: INSERT INTO employee (name, email, mobile_no, gender, age, nationality) VALUES ('John Doe', 'john.doe@example.com', '1234567890', 'Male', 30, 'American') , ('Jane Smith', 'jane.smith@example.com', '9876543210', 'Female', 25, 'Canadian'), ('Anna Tyler', 'anna@example.com', '565412', 'Female', 20, 'UK') 
	at org.springframework.jdbc.datasource.init.ScriptUtils.executeSqlScript(ScriptUtils.java:282) ~[spring-jdbc-6.1.1.jar:6.1.1]
	at org.springframework.jdbc.datasource.init.ResourceDatabasePopulator.populate(ResourceDatabasePopulator.java:254) ~[spring-jdbc-6.1.1.jar:6.1.1]
	at org.springframework.jdbc.datasource.init.DatabasePopulatorUtils.execute(DatabasePopulatorUtils.java:54) ~[spring-jdbc-6.1.1.jar:6.1.1]
	at org.springframework.boot.jdbc.init.DataSourceScriptDatabaseInitializer.runScripts(DataSourceScriptDatabaseInitializer.java:87) ~[spring-boot-3.2.0.jar:3.2.0]
	at org.springframework.boot.sql.init.AbstractScriptDatabaseInitializer.runScripts(AbstractScriptDatabaseInitializer.java:146) ~[spring-boot-3.2.0.jar:3.2.0]
	at org.springframework.boot.sql.init.AbstractScriptDatabaseInitializer.applyScripts(AbstractScriptDatabaseInitializer.java:108) ~[spring-boot-3.2.0.jar:3.2.0]
	at org.springframework.boot.sql.init.AbstractScriptDatabaseInitializer.applyDataScripts(AbstractScriptDatabaseInitializer.java:102) ~[spring-boot-3.2.0.jar:3.2.0]
	at org.springframework.boot.sql.init.AbstractScriptDatabaseInitializer.initializeDatabase(AbstractScriptDatabaseInitializer.java:77) ~[spring-boot-3.2.0.jar:3.2.0]
	at org.springframework.boot.sql.init.AbstractScriptDatabaseInitializer.afterPropertiesSet(AbstractScriptDatabaseInitializer.java:66) ~[spring-boot-3.2.0.jar:3.2.0]
	at org.springframework.beans.factory.support.AbstractAutowireCapableBeanFactory.invokeInitMethods(AbstractAutowireCapableBeanFactory.java:1822) ~[spring-beans-6.1.1.jar:6.1.1]
	at org.springframework.beans.factory.support.AbstractAutowireCapableBeanFactory.initializeBean(AbstractAutowireCapableBeanFactory.java:1771) ~[spring-beans-6.1.1.jar:6.1.1]
	... 21 common frames omitted
Caused by: org.h2.jdbc.JdbcSQLSyntaxErrorException: Table "EMPLOYEE" not found (this database is empty); SQL statement:
INSERT INTO employee (name, email, mobile_no, gender, age, nationality) VALUES ('John Doe', 'john.doe@example.com', '1234567890', 'Male', 30, 'American') , ('Jane Smith', 'jane.smith@example.com', '9876543210', 'Female', 25, 'Canadian'), ('Anna Tyler', 'anna@example.com', '565412', 'Female', 20, 'UK')  [42104-224]
	at org.h2.message.DbException.getJdbcSQLException(DbException.java:514) ~[h2-2.2.224.jar:2.2.224]
	at org.h2.message.DbException.getJdbcSQLException(DbException.java:489) ~[h2-2.2.224.jar:2.2.224]
	at org.h2.message.DbException.get(DbException.java:223) ~[h2-2.2.224.jar:2.2.224]
	at org.h2.message.DbException.get(DbException.java:199) ~[h2-2.2.224.jar:2.2.224]
	at org.h2.command.Parser.getTableOrViewNotFoundDbException(Parser.java:8051) ~[h2-2.2.224.jar:2.2.224]
	at org.h2.command.Parser.getTableOrViewNotFoundDbException(Parser.java:8035) ~[h2-2.2.224.jar:2.2.224]
	at org.h2.command.Parser.readTableOrView(Parser.java:8024) ~[h2-2.2.224.jar:2.2.224]
	at org.h2.command.Parser.readTableOrView(Parser.java:7990) ~[h2-2.2.224.jar:2.2.224]
	at org.h2.command.Parser.parseInsert(Parser.java:1540) ~[h2-2.2.224.jar:2.2.224]
	at org.h2.command.Parser.parsePrepared(Parser.java:719) ~[h2-2.2.224.jar:2.2.224]
	at org.h2.command.Parser.parse(Parser.java:592) ~[h2-2.2.224.jar:2.2.224]
	at org.h2.command.Parser.parse(Parser.java:564) ~[h2-2.2.224.jar:2.2.224]
	at org.h2.command.Parser.prepareCommand(Parser.java:483) ~[h2-2.2.224.jar:2.2.224]
	at org.h2.engine.SessionLocal.prepareLocal(SessionLocal.java:639) ~[h2-2.2.224.jar:2.2.224]
	at org.h2.engine.SessionLocal.prepareCommand(SessionLocal.java:559) ~[h2-2.2.224.jar:2.2.224]
	at org.h2.jdbc.JdbcConnection.prepareCommand(JdbcConnection.java:1166) ~[h2-2.2.224.jar:2.2.224]
	at org.h2.jdbc.JdbcStatement.executeInternal(JdbcStatement.java:245) ~[h2-2.2.224.jar:2.2.224]
	at org.h2.jdbc.JdbcStatement.execute(JdbcStatement.java:231) ~[h2-2.2.224.jar:2.2.224]
	at com.zaxxer.hikari.pool.ProxyStatement.execute(ProxyStatement.java:94) ~[HikariCP-5.0.1.jar:na]
	at com.zaxxer.hikari.pool.HikariProxyStatement.execute(HikariProxyStatement.java) ~[HikariCP-5.0.1.jar:na]
	at org.springframework.jdbc.datasource.init.ScriptUtils.executeSqlScript(ScriptUtils.java:261) ~[spring-jdbc-6.1.1.jar:6.1.1]
	... 31 common frames omitted

2023-12-24T19:19:21.699+05:30  INFO 9196 --- [restartedMain] c.e.D.DSpringHealthApplication           : Starting DSpringHealthApplication using Java 18.0.1.1 with PID 9196 (E:\Destop\Coding\JavaAdvance\SpringBoot\D_SpringHealth\target\classes started by hp in E:\Destop\Coding\JavaAdvance\SpringBoot)
2023-12-24T19:19:21.699+05:30 DEBUG 9196 --- [restartedMain] c.e.D.DSpringHealthApplication           : Running with Spring Boot v3.2.0, Spring v6.1.1
2023-12-24T19:19:21.700+05:30  INFO 9196 --- [restartedMain] c.e.D.DSpringHealthApplication           : The following 1 profile is active: "dev"
2023-12-24T19:19:22.787+05:30  INFO 9196 --- [restartedMain] .s.d.r.c.RepositoryConfigurationDelegate : Bootstrapping Spring Data JPA repositories in DEFAULT mode.
2023-12-24T19:19:22.813+05:30  INFO 9196 --- [restartedMain] .s.d.r.c.RepositoryConfigurationDelegate : Finished Spring Data repository scanning in 26 ms. Found 1 JPA repository interface.
2023-12-24T19:19:23.235+05:30  INFO 9196 --- [restartedMain] o.s.b.w.embedded.tomcat.TomcatWebServer  : Tomcat initialized with port 8080 (http)
2023-12-24T19:19:23.236+05:30  INFO 9196 --- [restartedMain] o.apache.catalina.core.StandardService   : Starting service [Tomcat]
2023-12-24T19:19:23.237+05:30  INFO 9196 --- [restartedMain] o.apache.catalina.core.StandardEngine    : Starting Servlet engine: [Apache Tomcat/10.1.16]
2023-12-24T19:19:23.271+05:30  INFO 9196 --- [restartedMain] o.a.c.c.C.[Tomcat-2].[localhost].[/]     : Initializing Spring embedded WebApplicationContext
2023-12-24T19:19:23.272+05:30  INFO 9196 --- [restartedMain] w.s.c.ServletWebServerApplicationContext : Root WebApplicationContext: initialization completed in 1568 ms
2023-12-24T19:19:23.528+05:30  INFO 9196 --- [restartedMain] com.zaxxer.hikari.HikariDataSource       : HikariPool-4 - Starting...
2023-12-24T19:19:23.534+05:30  INFO 9196 --- [restartedMain] com.zaxxer.hikari.pool.HikariPool        : HikariPool-4 - Added connection conn23: url=jdbc:h2:mem:testdb user=ROOT
2023-12-24T19:19:23.534+05:30  INFO 9196 --- [restartedMain] com.zaxxer.hikari.HikariDataSource       : HikariPool-4 - Start completed.
2023-12-24T19:19:23.535+05:30  INFO 9196 --- [restartedMain] o.s.b.a.h2.H2ConsoleAutoConfiguration    : H2 console available at '/h2-console'. Database available at 'jdbc:h2:mem:testdb'
2023-12-24T19:19:23.705+05:30  INFO 9196 --- [restartedMain] o.hibernate.jpa.internal.util.LogHelper  : HHH000204: Processing PersistenceUnitInfo [name: default]
2023-12-24T19:19:23.711+05:30  INFO 9196 --- [restartedMain] o.h.c.internal.RegionFactoryInitiator    : HHH000026: Second-level cache disabled
2023-12-24T19:19:23.716+05:30  INFO 9196 --- [restartedMain] o.s.o.j.p.SpringPersistenceUnitInfo      : No LoadTimeWeaver setup: ignoring JPA class transformer
2023-12-24T19:19:23.819+05:30  INFO 9196 --- [restartedMain] o.h.e.t.j.p.i.JtaPlatformInitiator       : HHH000489: No JTA platform available (set 'hibernate.transaction.jta.platform' to enable JTA platform integration)
2023-12-24T19:19:23.827+05:30  INFO 9196 --- [restartedMain] j.LocalContainerEntityManagerFactoryBean : Initialized JPA EntityManagerFactory for persistence unit 'default'
2023-12-24T19:19:24.544+05:30  WARN 9196 --- [restartedMain] JpaBaseConfiguration$JpaWebConfiguration : spring.jpa.open-in-view is enabled by default. Therefore, database queries may be performed during view rendering. Explicitly configure spring.jpa.open-in-view to disable this warning
2023-12-24T19:19:26.722+05:30  INFO 9196 --- [restartedMain] o.s.b.d.a.OptionalLiveReloadServer       : LiveReload server is running on port 35729
2023-12-24T19:19:26.751+05:30  INFO 9196 --- [restartedMain] o.s.b.a.e.web.EndpointLinksResolver      : Exposing 3 endpoint(s) beneath base path '/employee-dashboard'
2023-12-24T19:19:27.004+05:30  INFO 9196 --- [restartedMain] o.s.b.w.embedded.tomcat.TomcatWebServer  : Tomcat started on port 8080 (http) with context path ''
2023-12-24T19:19:27.023+05:30  INFO 9196 --- [restartedMain] c.e.D.DSpringHealthApplication           : Started DSpringHealthApplication in 5.369 seconds (process running for 283.347)
2023-12-24T19:19:27.032+05:30  INFO 9196 --- [restartedMain] .ConditionEvaluationDeltaLoggingListener : Condition evaluation unchanged
2023-12-24T19:21:37.095+05:30  INFO 9196 --- [SpringApplicationShutdownHook] j.LocalContainerEntityManagerFactoryBean : Closing JPA EntityManagerFactory for persistence unit 'default'
2023-12-24T19:21:37.098+05:30  WARN 9196 --- [SpringApplicationShutdownHook] o.s.b.f.support.DisposableBeanAdapter    : Invocation of destroy method failed on bean with name 'inMemoryDatabaseShutdownExecutor': org.h2.jdbc.JdbcSQLNonTransientConnectionException: Database is already closed (to disable automatic closing at VM shutdown, add ";DB_CLOSE_ON_EXIT=FALSE" to the db URL) [90121-224]
2023-12-24T19:21:37.099+05:30  INFO 9196 --- [SpringApplicationShutdownHook] com.zaxxer.hikari.HikariDataSource       : HikariPool-4 - Shutdown initiated...
2023-12-24T19:21:37.100+05:30  INFO 9196 --- [SpringApplicationShutdownHook] com.zaxxer.hikari.HikariDataSource       : HikariPool-4 - Shutdown completed.
2023-12-24T19:21:48.507+05:30  INFO 5432 --- [restartedMain] c.e.D.DSpringHealthApplication           : Starting DSpringHealthApplication using Java 18.0.1.1 with PID 5432 (E:\Destop\Coding\JavaAdvance\SpringBoot\D_SpringHealth\target\classes started by hp in E:\Destop\Coding\JavaAdvance\SpringBoot)
2023-12-24T19:21:48.511+05:30 DEBUG 5432 --- [restartedMain] c.e.D.DSpringHealthApplication           : Running with Spring Boot v3.2.0, Spring v6.1.1
2023-12-24T19:21:48.513+05:30  INFO 5432 --- [restartedMain] c.e.D.DSpringHealthApplication           : The following 1 profile is active: "dev"
2023-12-24T19:21:48.661+05:30  INFO 5432 --- [restartedMain] .e.DevToolsPropertyDefaultsPostProcessor : Devtools property defaults active! Set 'spring.devtools.add-properties' to 'false' to disable
2023-12-24T19:21:48.661+05:30  INFO 5432 --- [restartedMain] .e.DevToolsPropertyDefaultsPostProcessor : For additional web related logging consider setting the 'logging.level.web' property to 'DEBUG'
2023-12-24T19:21:51.834+05:30  INFO 5432 --- [restartedMain] .s.d.r.c.RepositoryConfigurationDelegate : Bootstrapping Spring Data JPA repositories in DEFAULT mode.
2023-12-24T19:21:51.991+05:30  INFO 5432 --- [restartedMain] .s.d.r.c.RepositoryConfigurationDelegate : Finished Spring Data repository scanning in 134 ms. Found 1 JPA repository interface.
2023-12-24T19:21:54.022+05:30  INFO 5432 --- [restartedMain] o.s.b.w.embedded.tomcat.TomcatWebServer  : Tomcat initialized with port 9999 (http)
2023-12-24T19:21:54.042+05:30  INFO 5432 --- [restartedMain] o.apache.catalina.core.StandardService   : Starting service [Tomcat]
2023-12-24T19:21:54.043+05:30  INFO 5432 --- [restartedMain] o.apache.catalina.core.StandardEngine    : Starting Servlet engine: [Apache Tomcat/10.1.16]
2023-12-24T19:21:54.193+05:30  INFO 5432 --- [restartedMain] o.a.c.c.C.[Tomcat].[localhost].[/]       : Initializing Spring embedded WebApplicationContext
2023-12-24T19:21:54.194+05:30  INFO 5432 --- [restartedMain] w.s.c.ServletWebServerApplicationContext : Root WebApplicationContext: initialization completed in 5531 ms
2023-12-24T19:21:54.528+05:30  INFO 5432 --- [restartedMain] com.zaxxer.hikari.HikariDataSource       : HikariPool-1 - Starting...
2023-12-24T19:21:54.930+05:30  INFO 5432 --- [restartedMain] com.zaxxer.hikari.pool.HikariPool        : HikariPool-1 - Added connection conn0: url=jdbc:h2:mem:testdb user=ROOT
2023-12-24T19:21:54.934+05:30  INFO 5432 --- [restartedMain] com.zaxxer.hikari.HikariDataSource       : HikariPool-1 - Start completed.
2023-12-24T19:21:54.951+05:30  INFO 5432 --- [restartedMain] o.s.b.a.h2.H2ConsoleAutoConfiguration    : H2 console available at '/h2-console'. Database available at 'jdbc:h2:mem:testdb'
2023-12-24T19:21:55.423+05:30  INFO 5432 --- [restartedMain] o.hibernate.jpa.internal.util.LogHelper  : HHH000204: Processing PersistenceUnitInfo [name: default]
2023-12-24T19:21:55.562+05:30  INFO 5432 --- [restartedMain] org.hibernate.Version                    : HHH000412: Hibernate ORM core version 6.3.1.Final
2023-12-24T19:21:55.646+05:30  INFO 5432 --- [restartedMain] o.h.c.internal.RegionFactoryInitiator    : HHH000026: Second-level cache disabled
2023-12-24T19:21:56.164+05:30  INFO 5432 --- [restartedMain] o.s.o.j.p.SpringPersistenceUnitInfo      : No LoadTimeWeaver setup: ignoring JPA class transformer
2023-12-24T19:21:57.848+05:30  INFO 5432 --- [restartedMain] o.h.e.t.j.p.i.JtaPlatformInitiator       : HHH000489: No JTA platform available (set 'hibernate.transaction.jta.platform' to enable JTA platform integration)
2023-12-24T19:21:57.962+05:30  INFO 5432 --- [restartedMain] j.LocalContainerEntityManagerFactoryBean : Initialized JPA EntityManagerFactory for persistence unit 'default'
2023-12-24T19:21:58.622+05:30  INFO 5432 --- [restartedMain] o.s.d.j.r.query.QueryEnhancerFactory     : Hibernate is in classpath; If applicable, HQL parser will be used.
2023-12-24T19:21:59.729+05:30  WARN 5432 --- [restartedMain] JpaBaseConfiguration$JpaWebConfiguration : spring.jpa.open-in-view is enabled by default. Therefore, database queries may be performed during view rendering. Explicitly configure spring.jpa.open-in-view to disable this warning
2023-12-24T19:22:02.215+05:30  INFO 5432 --- [restartedMain] o.s.b.d.a.OptionalLiveReloadServer       : LiveReload server is running on port 35729
2023-12-24T19:22:02.240+05:30  INFO 5432 --- [restartedMain] o.s.b.a.e.web.EndpointLinksResolver      : Exposing 3 endpoint(s) beneath base path '/employee-dashboard'
2023-12-24T19:22:02.461+05:30  INFO 5432 --- [restartedMain] o.s.b.w.embedded.tomcat.TomcatWebServer  : Tomcat started on port 9999 (http) with context path ''
2023-12-24T19:22:02.492+05:30  INFO 5432 --- [restartedMain] c.e.D.DSpringHealthApplication           : Started DSpringHealthApplication in 15.085 seconds (process running for 17.241)
2023-12-24T19:23:44.505+05:30  INFO 5432 --- [File Watcher] rtingClassPathChangeChangedEventListener : Restarting due to 1 class path change (0 additions, 0 deletions, 1 modification)
2023-12-24T19:23:44.573+05:30  INFO 5432 --- [Thread-5] j.LocalContainerEntityManagerFactoryBean : Closing JPA EntityManagerFactory for persistence unit 'default'
2023-12-24T19:23:44.590+05:30  WARN 5432 --- [Thread-5] o.s.b.f.support.DisposableBeanAdapter    : Invocation of destroy method failed on bean with name 'inMemoryDatabaseShutdownExecutor': org.h2.jdbc.JdbcSQLNonTransientConnectionException: Database is already closed (to disable automatic closing at VM shutdown, add ";DB_CLOSE_ON_EXIT=FALSE" to the db URL) [90121-224]
2023-12-24T19:23:44.593+05:30  INFO 5432 --- [Thread-5] com.zaxxer.hikari.HikariDataSource       : HikariPool-1 - Shutdown initiated...
2023-12-24T19:23:44.599+05:30  INFO 5432 --- [Thread-5] com.zaxxer.hikari.HikariDataSource       : HikariPool-1 - Shutdown completed.
2023-12-24T19:23:44.904+05:30  INFO 5432 --- [restartedMain] c.e.D.DSpringHealthApplication           : Starting DSpringHealthApplication using Java 18.0.1.1 with PID 5432 (E:\Destop\Coding\JavaAdvance\SpringBoot\D_SpringHealth\target\classes started by hp in E:\Destop\Coding\JavaAdvance\SpringBoot)
2023-12-24T19:23:44.905+05:30 DEBUG 5432 --- [restartedMain] c.e.D.DSpringHealthApplication           : Running with Spring Boot v3.2.0, Spring v6.1.1
2023-12-24T19:23:44.905+05:30  INFO 5432 --- [restartedMain] c.e.D.DSpringHealthApplication           : The following 1 profile is active: "dev"
2023-12-24T19:23:46.116+05:30  INFO 5432 --- [restartedMain] .s.d.r.c.RepositoryConfigurationDelegate : Bootstrapping Spring Data JPA repositories in DEFAULT mode.
2023-12-24T19:23:46.140+05:30  INFO 5432 --- [restartedMain] .s.d.r.c.RepositoryConfigurationDelegate : Finished Spring Data repository scanning in 22 ms. Found 1 JPA repository interface.
2023-12-24T19:23:46.782+05:30  INFO 5432 --- [restartedMain] o.s.b.w.embedded.tomcat.TomcatWebServer  : Tomcat initialized with port 9000 (http)
2023-12-24T19:23:46.783+05:30  INFO 5432 --- [restartedMain] o.apache.catalina.core.StandardService   : Starting service [Tomcat]
2023-12-24T19:23:46.784+05:30  INFO 5432 --- [restartedMain] o.apache.catalina.core.StandardEngine    : Starting Servlet engine: [Apache Tomcat/10.1.16]
2023-12-24T19:23:46.835+05:30  INFO 5432 --- [restartedMain] o.a.c.c.C.[Tomcat].[localhost].[/]       : Initializing Spring embedded WebApplicationContext
2023-12-24T19:23:46.835+05:30  INFO 5432 --- [restartedMain] w.s.c.ServletWebServerApplicationContext : Root WebApplicationContext: initialization completed in 1924 ms
2023-12-24T19:23:47.094+05:30  INFO 5432 --- [restartedMain] com.zaxxer.hikari.HikariDataSource       : HikariPool-2 - Starting...
2023-12-24T19:23:47.099+05:30  INFO 5432 --- [restartedMain] com.zaxxer.hikari.pool.HikariPool        : HikariPool-2 - Added connection conn10: url=jdbc:h2:mem:testdb user=ROOT
2023-12-24T19:23:47.100+05:30  INFO 5432 --- [restartedMain] com.zaxxer.hikari.HikariDataSource       : HikariPool-2 - Start completed.
2023-12-24T19:23:47.100+05:30  INFO 5432 --- [restartedMain] o.s.b.a.h2.H2ConsoleAutoConfiguration    : H2 console available at '/h2-console'. Database available at 'jdbc:h2:mem:testdb'
2023-12-24T19:23:47.417+05:30  INFO 5432 --- [restartedMain] o.hibernate.jpa.internal.util.LogHelper  : HHH000204: Processing PersistenceUnitInfo [name: default]
2023-12-24T19:23:47.430+05:30  INFO 5432 --- [restartedMain] o.h.c.internal.RegionFactoryInitiator    : HHH000026: Second-level cache disabled
2023-12-24T19:23:47.445+05:30  INFO 5432 --- [restartedMain] o.s.o.j.p.SpringPersistenceUnitInfo      : No LoadTimeWeaver setup: ignoring JPA class transformer
2023-12-24T19:23:47.550+05:30  INFO 5432 --- [restartedMain] o.h.e.t.j.p.i.JtaPlatformInitiator       : HHH000489: No JTA platform available (set 'hibernate.transaction.jta.platform' to enable JTA platform integration)
2023-12-24T19:23:47.559+05:30  INFO 5432 --- [restartedMain] j.LocalContainerEntityManagerFactoryBean : Initialized JPA EntityManagerFactory for persistence unit 'default'
2023-12-24T19:23:48.344+05:30  WARN 5432 --- [restartedMain] JpaBaseConfiguration$JpaWebConfiguration : spring.jpa.open-in-view is enabled by default. Therefore, database queries may be performed during view rendering. Explicitly configure spring.jpa.open-in-view to disable this warning
2023-12-24T19:23:49.934+05:30  INFO 5432 --- [restartedMain] o.s.b.d.a.OptionalLiveReloadServer       : LiveReload server is running on port 35729
2023-12-24T19:23:49.951+05:30  INFO 5432 --- [restartedMain] o.s.b.a.e.web.EndpointLinksResolver      : Exposing 3 endpoint(s) beneath base path '/employee-dashboard'
2023-12-24T19:23:50.019+05:30  INFO 5432 --- [restartedMain] o.s.b.w.embedded.tomcat.TomcatWebServer  : Tomcat started on port 9000 (http) with context path ''
2023-12-24T19:23:50.036+05:30  INFO 5432 --- [restartedMain] c.e.D.DSpringHealthApplication           : Started DSpringHealthApplication in 5.238 seconds (process running for 124.785)
2023-12-24T19:23:50.042+05:30  INFO 5432 --- [restartedMain] .ConditionEvaluationDeltaLoggingListener : Condition evaluation unchanged
2023-12-24T19:24:50.805+05:30  INFO 5432 --- [http-nio-9000-exec-1] o.a.c.c.C.[Tomcat].[localhost].[/]       : Initializing Spring DispatcherServlet 'dispatcherServlet'
2023-12-24T19:24:50.806+05:30  INFO 5432 --- [http-nio-9000-exec-1] o.s.web.servlet.DispatcherServlet        : Initializing Servlet 'dispatcherServlet'
2023-12-24T19:24:50.810+05:30  INFO 5432 --- [http-nio-9000-exec-1] o.s.web.servlet.DispatcherServlet        : Completed initialization in 3 ms
2023-12-24T19:24:50.877+05:30  INFO 5432 --- [http-nio-9000-exec-1] c.e.D.controller.UserController          : Employee Info Logging is Enabled...... Using devtools 
2023-12-24T19:24:50.877+05:30 DEBUG 5432 --- [http-nio-9000-exec-1] c.e.D.controller.UserController          : Employee Info Dubbing is Enabled......
2023-12-24T19:29:34.644+05:30  INFO 5432 --- [File Watcher] rtingClassPathChangeChangedEventListener : Restarting due to 1 class path change (0 additions, 0 deletions, 1 modification)
2023-12-24T19:29:34.676+05:30  INFO 5432 --- [Thread-7] j.LocalContainerEntityManagerFactoryBean : Closing JPA EntityManagerFactory for persistence unit 'default'
2023-12-24T19:29:34.678+05:30  WARN 5432 --- [Thread-7] o.s.b.f.support.DisposableBeanAdapter    : Invocation of destroy method failed on bean with name 'inMemoryDatabaseShutdownExecutor': org.h2.jdbc.JdbcSQLNonTransientConnectionException: Database is already closed (to disable automatic closing at VM shutdown, add ";DB_CLOSE_ON_EXIT=FALSE" to the db URL) [90121-224]
2023-12-24T19:29:34.679+05:30  INFO 5432 --- [Thread-7] com.zaxxer.hikari.HikariDataSource       : HikariPool-2 - Shutdown initiated...
2023-12-24T19:29:34.680+05:30  INFO 5432 --- [Thread-7] com.zaxxer.hikari.HikariDataSource       : HikariPool-2 - Shutdown completed.
2023-12-24T19:29:34.873+05:30  INFO 5432 --- [restartedMain] c.e.D.DSpringHealthApplication           : Starting DSpringHealthApplication using Java 18.0.1.1 with PID 5432 (E:\Destop\Coding\JavaAdvance\SpringBoot\D_SpringHealth\target\classes started by hp in E:\Destop\Coding\JavaAdvance\SpringBoot)
2023-12-24T19:29:34.874+05:30 DEBUG 5432 --- [restartedMain] c.e.D.DSpringHealthApplication           : Running with Spring Boot v3.2.0, Spring v6.1.1
2023-12-24T19:29:34.874+05:30  INFO 5432 --- [restartedMain] c.e.D.DSpringHealthApplication           : The following 1 profile is active: "dev"
2023-12-24T19:29:35.762+05:30  INFO 5432 --- [restartedMain] .s.d.r.c.RepositoryConfigurationDelegate : Bootstrapping Spring Data JPA repositories in DEFAULT mode.
2023-12-24T19:29:35.779+05:30  INFO 5432 --- [restartedMain] .s.d.r.c.RepositoryConfigurationDelegate : Finished Spring Data repository scanning in 16 ms. Found 1 JPA repository interface.
2023-12-24T19:29:36.171+05:30  INFO 5432 --- [restartedMain] o.s.b.w.embedded.tomcat.TomcatWebServer  : Tomcat initialized with port 9094 (http)
2023-12-24T19:29:36.172+05:30  INFO 5432 --- [restartedMain] o.apache.catalina.core.StandardService   : Starting service [Tomcat]
2023-12-24T19:29:36.172+05:30  INFO 5432 --- [restartedMain] o.apache.catalina.core.StandardEngine    : Starting Servlet engine: [Apache Tomcat/10.1.16]
2023-12-24T19:29:36.208+05:30  INFO 5432 --- [restartedMain] o.a.c.c.C.[Tomcat].[localhost].[/]       : Initializing Spring embedded WebApplicationContext
2023-12-24T19:29:36.208+05:30  INFO 5432 --- [restartedMain] w.s.c.ServletWebServerApplicationContext : Root WebApplicationContext: initialization completed in 1329 ms
2023-12-24T19:29:36.350+05:30  INFO 5432 --- [restartedMain] com.zaxxer.hikari.HikariDataSource       : HikariPool-3 - Starting...
2023-12-24T19:29:36.353+05:30  INFO 5432 --- [restartedMain] com.zaxxer.hikari.pool.HikariPool        : HikariPool-3 - Added connection conn20: url=jdbc:h2:mem:testdb user=ROOT
2023-12-24T19:29:36.354+05:30  INFO 5432 --- [restartedMain] com.zaxxer.hikari.HikariDataSource       : HikariPool-3 - Start completed.
2023-12-24T19:29:36.354+05:30  INFO 5432 --- [restartedMain] o.s.b.a.h2.H2ConsoleAutoConfiguration    : H2 console available at '/h2-console'. Database available at 'jdbc:h2:mem:testdb'
2023-12-24T19:29:36.581+05:30  INFO 5432 --- [restartedMain] o.hibernate.jpa.internal.util.LogHelper  : HHH000204: Processing PersistenceUnitInfo [name: default]
2023-12-24T19:29:36.592+05:30  INFO 5432 --- [restartedMain] o.h.c.internal.RegionFactoryInitiator    : HHH000026: Second-level cache disabled
2023-12-24T19:29:36.600+05:30  INFO 5432 --- [restartedMain] o.s.o.j.p.SpringPersistenceUnitInfo      : No LoadTimeWeaver setup: ignoring JPA class transformer
2023-12-24T19:29:36.657+05:30  INFO 5432 --- [restartedMain] o.h.e.t.j.p.i.JtaPlatformInitiator       : HHH000489: No JTA platform available (set 'hibernate.transaction.jta.platform' to enable JTA platform integration)
2023-12-24T19:29:36.662+05:30  INFO 5432 --- [restartedMain] j.LocalContainerEntityManagerFactoryBean : Initialized JPA EntityManagerFactory for persistence unit 'default'
2023-12-24T19:29:37.205+05:30  WARN 5432 --- [restartedMain] JpaBaseConfiguration$JpaWebConfiguration : spring.jpa.open-in-view is enabled by default. Therefore, database queries may be performed during view rendering. Explicitly configure spring.jpa.open-in-view to disable this warning
2023-12-24T19:29:38.369+05:30  INFO 5432 --- [restartedMain] o.s.b.d.a.OptionalLiveReloadServer       : LiveReload server is running on port 35729
2023-12-24T19:29:38.384+05:30  INFO 5432 --- [restartedMain] o.s.b.a.e.web.EndpointLinksResolver      : Exposing 3 endpoint(s) beneath base path '/employee-dashboard'
2023-12-24T19:29:38.440+05:30  INFO 5432 --- [restartedMain] o.s.b.w.embedded.tomcat.TomcatWebServer  : Tomcat started on port 9094 (http) with context path ''
2023-12-24T19:29:38.457+05:30  INFO 5432 --- [restartedMain] c.e.D.DSpringHealthApplication           : Started DSpringHealthApplication in 3.659 seconds (process running for 473.206)
2023-12-24T19:29:38.461+05:30  INFO 5432 --- [restartedMain] .ConditionEvaluationDeltaLoggingListener : Condition evaluation unchanged
2023-12-24T19:30:10.353+05:30  INFO 5432 --- [File Watcher] rtingClassPathChangeChangedEventListener : Restarting due to 1 class path change (0 additions, 0 deletions, 1 modification)
2023-12-24T19:30:10.390+05:30  INFO 5432 --- [Thread-12] j.LocalContainerEntityManagerFactoryBean : Closing JPA EntityManagerFactory for persistence unit 'default'
2023-12-24T19:30:10.393+05:30  WARN 5432 --- [Thread-12] o.s.b.f.support.DisposableBeanAdapter    : Invocation of destroy method failed on bean with name 'inMemoryDatabaseShutdownExecutor': org.h2.jdbc.JdbcSQLNonTransientConnectionException: Database is already closed (to disable automatic closing at VM shutdown, add ";DB_CLOSE_ON_EXIT=FALSE" to the db URL) [90121-224]
2023-12-24T19:30:10.394+05:30  INFO 5432 --- [Thread-12] com.zaxxer.hikari.HikariDataSource       : HikariPool-3 - Shutdown initiated...
2023-12-24T19:30:10.396+05:30  INFO 5432 --- [Thread-12] com.zaxxer.hikari.HikariDataSource       : HikariPool-3 - Shutdown completed.
2023-12-24T19:30:10.586+05:30  INFO 5432 --- [restartedMain] c.e.D.DSpringHealthApplication           : Starting DSpringHealthApplication using Java 18.0.1.1 with PID 5432 (E:\Destop\Coding\JavaAdvance\SpringBoot\D_SpringHealth\target\classes started by hp in E:\Destop\Coding\JavaAdvance\SpringBoot)
2023-12-24T19:30:10.587+05:30 DEBUG 5432 --- [restartedMain] c.e.D.DSpringHealthApplication           : Running with Spring Boot v3.2.0, Spring v6.1.1
2023-12-24T19:30:10.587+05:30  INFO 5432 --- [restartedMain] c.e.D.DSpringHealthApplication           : The following 1 profile is active: "dev"
2023-12-24T19:30:11.263+05:30  INFO 5432 --- [restartedMain] .s.d.r.c.RepositoryConfigurationDelegate : Bootstrapping Spring Data JPA repositories in DEFAULT mode.
2023-12-24T19:30:11.276+05:30  INFO 5432 --- [restartedMain] .s.d.r.c.RepositoryConfigurationDelegate : Finished Spring Data repository scanning in 12 ms. Found 1 JPA repository interface.
2023-12-24T19:30:11.675+05:30  INFO 5432 --- [restartedMain] o.s.b.w.embedded.tomcat.TomcatWebServer  : Tomcat initialized with port 9093 (http)
2023-12-24T19:30:11.676+05:30  INFO 5432 --- [restartedMain] o.apache.catalina.core.StandardService   : Starting service [Tomcat]
2023-12-24T19:30:11.676+05:30  INFO 5432 --- [restartedMain] o.apache.catalina.core.StandardEngine    : Starting Servlet engine: [Apache Tomcat/10.1.16]
2023-12-24T19:30:11.713+05:30  INFO 5432 --- [restartedMain] o.a.c.c.C.[Tomcat].[localhost].[/]       : Initializing Spring embedded WebApplicationContext
2023-12-24T19:30:11.713+05:30  INFO 5432 --- [restartedMain] w.s.c.ServletWebServerApplicationContext : Root WebApplicationContext: initialization completed in 1123 ms
2023-12-24T19:30:11.891+05:30  INFO 5432 --- [restartedMain] com.zaxxer.hikari.HikariDataSource       : HikariPool-4 - Starting...
2023-12-24T19:30:11.895+05:30  INFO 5432 --- [restartedMain] com.zaxxer.hikari.pool.HikariPool        : HikariPool-4 - Added connection conn30: url=jdbc:h2:mem:testdb user=ROOT
2023-12-24T19:30:11.895+05:30  INFO 5432 --- [restartedMain] com.zaxxer.hikari.HikariDataSource       : HikariPool-4 - Start completed.
2023-12-24T19:30:11.895+05:30  INFO 5432 --- [restartedMain] o.s.b.a.h2.H2ConsoleAutoConfiguration    : H2 console available at '/h2-console'. Database available at 'jdbc:h2:mem:testdb'
2023-12-24T19:30:12.060+05:30  INFO 5432 --- [restartedMain] o.hibernate.jpa.internal.util.LogHelper  : HHH000204: Processing PersistenceUnitInfo [name: default]
2023-12-24T19:30:12.067+05:30  INFO 5432 --- [restartedMain] o.h.c.internal.RegionFactoryInitiator    : HHH000026: Second-level cache disabled
2023-12-24T19:30:12.074+05:30  INFO 5432 --- [restartedMain] o.s.o.j.p.SpringPersistenceUnitInfo      : No LoadTimeWeaver setup: ignoring JPA class transformer
2023-12-24T19:30:12.133+05:30  INFO 5432 --- [restartedMain] o.h.e.t.j.p.i.JtaPlatformInitiator       : HHH000489: No JTA platform available (set 'hibernate.transaction.jta.platform' to enable JTA platform integration)
2023-12-24T19:30:12.138+05:30  INFO 5432 --- [restartedMain] j.LocalContainerEntityManagerFactoryBean : Initialized JPA EntityManagerFactory for persistence unit 'default'
2023-12-24T19:30:12.637+05:30  WARN 5432 --- [restartedMain] JpaBaseConfiguration$JpaWebConfiguration : spring.jpa.open-in-view is enabled by default. Therefore, database queries may be performed during view rendering. Explicitly configure spring.jpa.open-in-view to disable this warning
2023-12-24T19:30:13.733+05:30  INFO 5432 --- [restartedMain] o.s.b.d.a.OptionalLiveReloadServer       : LiveReload server is running on port 35729
2023-12-24T19:30:13.745+05:30  INFO 5432 --- [restartedMain] o.s.b.a.e.web.EndpointLinksResolver      : Exposing 3 endpoint(s) beneath base path '/employee-dashboard'
2023-12-24T19:30:13.799+05:30  INFO 5432 --- [restartedMain] o.s.b.w.embedded.tomcat.TomcatWebServer  : Tomcat started on port 9093 (http) with context path ''
2023-12-24T19:30:13.815+05:30  INFO 5432 --- [restartedMain] c.e.D.DSpringHealthApplication           : Started DSpringHealthApplication in 3.306 seconds (process running for 508.563)
2023-12-24T19:30:13.818+05:30  INFO 5432 --- [restartedMain] .ConditionEvaluationDeltaLoggingListener : Condition evaluation unchanged
2023-12-24T19:31:31.740+05:30  INFO 5432 --- [SpringApplicationShutdownHook] j.LocalContainerEntityManagerFactoryBean : Closing JPA EntityManagerFactory for persistence unit 'default'
2023-12-24T19:31:31.742+05:30  WARN 5432 --- [SpringApplicationShutdownHook] o.s.b.f.support.DisposableBeanAdapter    : Invocation of destroy method failed on bean with name 'inMemoryDatabaseShutdownExecutor': org.h2.jdbc.JdbcSQLNonTransientConnectionException: Database is already closed (to disable automatic closing at VM shutdown, add ";DB_CLOSE_ON_EXIT=FALSE" to the db URL) [90121-224]
2023-12-24T19:31:31.743+05:30  INFO 5432 --- [SpringApplicationShutdownHook] com.zaxxer.hikari.HikariDataSource       : HikariPool-4 - Shutdown initiated...
2023-12-24T19:31:31.745+05:30  INFO 5432 --- [SpringApplicationShutdownHook] com.zaxxer.hikari.HikariDataSource       : HikariPool-4 - Shutdown completed.
